Using pre-set license
Built from '2020.3/staging' branch; Version is '2020.3.0f1 (c7b5465681fb) revision 13088070'; Using compiler version '192528614'; Build Type 'Release'
OS: 'Windows 10 Home; OS build 19043.1348; Version 2009; 64bit' Language: 'en' Physical Memory: 32639 MB
BatchMode: 1, IsHumanControllingUs: 0, StartBugReporterOnCrash: 0, Is64bit: 1, IsPro: 0

 COMMAND LINE ARGUMENTS:
C:\Program Files\Unity\Hub\Editor\2020.3.0f1\Editor\Unity.exe
-adb2
-batchMode
-noUpm
-name
AssetImportWorker0
-projectPath
D:/Users/WillToPower/Desktop/Stargazer-XRHackathon/Stargazer_UnityProject
-logFile
Logs/AssetImportWorker0.log
-srvPort
55749
Successfully changed project path to: D:/Users/WillToPower/Desktop/Stargazer-XRHackathon/Stargazer_UnityProject
D:/Users/WillToPower/Desktop/Stargazer-XRHackathon/Stargazer_UnityProject
Using Asset Import Pipeline V2.
Refreshing native plugins compatible for Editor in 63.13 ms, found 4 plugins.
Preloading 1 native plugins for Editor in 0.88 ms.
Initialize engine version: 2020.3.0f1 (c7b5465681fb)
[Subsystems] Discovering subsystems at path C:/Program Files/Unity/Hub/Editor/2020.3.0f1/Editor/Data/Resources/UnitySubsystems
[Subsystems] Discovering subsystems at path D:/Users/WillToPower/Desktop/Stargazer-XRHackathon/Stargazer_UnityProject/Assets
GfxDevice: creating device client; threaded=0
Direct3D:
    Version:  Direct3D 11.0 [level 11.1]
    Renderer: NVIDIA GeForce RTX 2060 (ID=0x1e89)
    Vendor:   
    VRAM:     5967 MB
    Driver:   27.21.14.5671
Shader 'Oculus/OVRMRCameraFrameLit': fallback shader 'Alpha-Diffuse' not found
Shader 'AngryBots/PlanarRealtimeReflection': fallback shader 'AngryBots/Fallback' not found
Initialize mono
Mono path[0] = 'C:/Program Files/Unity/Hub/Editor/2020.3.0f1/Editor/Data/Managed'
Mono path[1] = 'C:/Program Files/Unity/Hub/Editor/2020.3.0f1/Editor/Data/MonoBleedingEdge/lib/mono/unityjit'
Mono config path = 'C:/Program Files/Unity/Hub/Editor/2020.3.0f1/Editor/Data/MonoBleedingEdge/etc'
Using monoOptions --debugger-agent=transport=dt_socket,embedding=1,server=y,suspend=n,address=127.0.0.1:56752
Begin MonoManager ReloadAssembly
Registering precompiled unity dll's ...
Register platform support module: C:/Program Files/Unity/Hub/Editor/2020.3.0f1/Editor/Data/PlaybackEngines/WebGLSupport/UnityEditor.WebGL.Extensions.dll
Register platform support module: C:/Program Files/Unity/Hub/Editor/2020.3.0f1/Editor/Data/PlaybackEngines/WindowsStandaloneSupport/UnityEditor.WindowsStandalone.Extensions.dll
Registered in 0.002160 seconds.
Native extension for WindowsStandalone target not found
Native extension for WebGL target not found
Refreshing native plugins compatible for Editor in 61.21 ms, found 4 plugins.
Preloading 1 native plugins for Editor in 0.04 ms.
Invoked RoslynAnalysisRunner static constructor.
RoslynAnalysisRunner will not be running.
RoslynAnalysisRunner has terminated.
Mono: successfully reloaded assembly
- Completed reload, in  1.866 seconds
Platform modules already initialized, skipping
Registering precompiled user dll's ...
Registered in 0.003560 seconds.
Begin MonoManager ReloadAssembly
Native extension for WindowsStandalone target not found
Native extension for WebGL target not found
Refreshing native plugins compatible for Editor in 0.82 ms, found 4 plugins.
Preloading 1 native plugins for Editor in 0.04 ms.
Invoked RoslynAnalysisRunner static constructor.
RoslynAnalysisRunner will not be running.
RoslynAnalysisRunner has terminated.
[XR] OculusXRPlugin: registering subsystems
[XR] Unable to register display lifecyle provider: [1]
[XR] Oculus Input lifecycle provider registered.
[XR] Unable to register input lifecyle provider: [1]
[XR] OVRP version 1.66.0
Mono: successfully reloaded assembly
- Completed reload, in  0.898 seconds
Platform modules already initialized, skipping
========================================================================
Worker process is ready to serve import requests
Shader 'AngryBots/PlanarRealtimeReflection': fallback shader 'AngryBots/Fallback' not found
Shader 'Oculus/OVRMRCameraFrameLit': fallback shader 'Alpha-Diffuse' not found
Launched and connected shader compiler UnityShaderCompiler.exe after 0.03 seconds
Refreshing native plugins compatible for Editor in 0.79 ms, found 4 plugins.
Preloading 1 native plugins for Editor in 0.04 ms.
Unloading 2119 Unused Serialized files (Serialized files now loaded: 0)
System memory in use before: 112.1 MB.
System memory in use after: 111.2 MB.

Unloading 67 unused Assets to reduce memory usage. Loaded Objects now: 2531.
Total: 2.922600 ms (FindLiveObjects: 0.192200 ms CreateObjectMapping: 0.233300 ms MarkObjects: 1.774400 ms  DeleteObjects: 0.722100 ms)

========================================================================
Received Import Request.
  path: Assets/UI/Constellation Label.prefab
  artifactKey: Guid(df4186087f122184b9ea5744ab9cbf12) Importer(815301076,1909f56bfc062723c751e8b465ee728b)
Start importing Assets/UI/Constellation Label.prefab using Guid(df4186087f122184b9ea5744ab9cbf12) Importer(815301076,1909f56bfc062723c751e8b465ee728b)  -> (artifact id: 'f4028d790f9162e4a3d606b769232e50') in 0.096197 seconds
  Import took 0.099520 seconds .

========================================================================
Received Import Request.
  Time since last request: 0.000232 seconds.
  path: Assets/UI/Stargazer UI mockup.png
  artifactKey: Guid(ace74bfb8c25dd547827fd988e6c12d8) Importer(815301076,1909f56bfc062723c751e8b465ee728b)
Start importing Assets/UI/Stargazer UI mockup.png using Guid(ace74bfb8c25dd547827fd988e6c12d8) Importer(815301076,1909f56bfc062723c751e8b465ee728b)  -> (artifact id: '1b8b3b3d64a40262f3a0dc39fe272f42') in 0.040674 seconds
  Import took 0.043783 seconds .

========================================================================
Received Import Request.
  Time since last request: 7.851326 seconds.
  path: Assets/UI/Stargazer UI mockup.png
  artifactKey: Guid(ace74bfb8c25dd547827fd988e6c12d8) Importer(815301076,1909f56bfc062723c751e8b465ee728b)
Start importing Assets/UI/Stargazer UI mockup.png using Guid(ace74bfb8c25dd547827fd988e6c12d8) Importer(815301076,1909f56bfc062723c751e8b465ee728b)  -> (artifact id: '44d308a36056c19f1cbe79e841324d6f') in 0.041820 seconds
  Import took 0.045759 seconds .

========================================================================
Received Import Request.
  Time since last request: 43.799672 seconds.
  path: Assets/UI/STARGAZER UI Mockup (1).png
  artifactKey: Guid(81884f2c9c583034bb2b21ba454875a3) Importer(815301076,1909f56bfc062723c751e8b465ee728b)
Start importing Assets/UI/STARGAZER UI Mockup (1).png using Guid(81884f2c9c583034bb2b21ba454875a3) Importer(815301076,1909f56bfc062723c751e8b465ee728b)  -> (artifact id: 'b250bed09b648297540c00232f7c9c02') in 0.024710 seconds
  Import took 0.029462 seconds .

========================================================================
Received Import Request.
  Time since last request: 0.001641 seconds.
  path: Assets/UI/STARGAZER UI Mockup (1).png
  artifactKey: Guid(81884f2c9c583034bb2b21ba454875a3) Importer(815301076,1909f56bfc062723c751e8b465ee728b)
Start importing Assets/UI/STARGAZER UI Mockup (1).png using Guid(81884f2c9c583034bb2b21ba454875a3) Importer(815301076,1909f56bfc062723c751e8b465ee728b)  -> (artifact id: 'b250bed09b648297540c00232f7c9c02') in 0.013160 seconds
  Import took 0.017158 seconds .

========================================================================
Received Import Request.
  Time since last request: 6.597973 seconds.
  path: Assets/UI/STARGAZER UI Mockup (1).png
  artifactKey: Guid(81884f2c9c583034bb2b21ba454875a3) Importer(815301076,1909f56bfc062723c751e8b465ee728b)
Start importing Assets/UI/STARGAZER UI Mockup (1).png using Guid(81884f2c9c583034bb2b21ba454875a3) Importer(815301076,1909f56bfc062723c751e8b465ee728b)  -> (artifact id: '74a876203ef969fff936a384ea5cedc6') in 0.011754 seconds
  Import took 0.033673 seconds .

========================================================================
Received Prepare
Shader 'Oculus/OVRMRCameraFrameLit': fallback shader 'Alpha-Diffuse' not found
Shader 'AngryBots/PlanarRealtimeReflection': fallback shader 'AngryBots/Fallback' not found
Refreshing native plugins compatible for Editor in 7.73 ms, found 4 plugins.
Preloading 1 native plugins for Editor in 0.03 ms.
Unloading 59 Unused Serialized files (Serialized files now loaded: 0)
System memory in use before: 69.7 MB.
System memory in use after: 68.8 MB.

Unloading 59 unused Assets to reduce memory usage. Loaded Objects now: 2537.
Total: 3.137500 ms (FindLiveObjects: 0.248000 ms CreateObjectMapping: 0.066900 ms MarkObjects: 2.113300 ms  DeleteObjects: 0.708700 ms)

========================================================================
Received Prepare
Shader 'Oculus/OVRMRCameraFrameLit': fallback shader 'Alpha-Diffuse' not found
Shader 'AngryBots/PlanarRealtimeReflection': fallback shader 'AngryBots/Fallback' not found
Refreshing native plugins compatible for Editor in 8.99 ms, found 4 plugins.
Preloading 1 native plugins for Editor in 0.04 ms.
Unloading 59 Unused Serialized files (Serialized files now loaded: 0)
System memory in use before: 69.7 MB.
System memory in use after: 68.8 MB.

Unloading 59 unused Assets to reduce memory usage. Loaded Objects now: 2537.
Total: 4.750700 ms (FindLiveObjects: 0.322800 ms CreateObjectMapping: 0.192100 ms MarkObjects: 3.340000 ms  DeleteObjects: 0.893800 ms)

========================================================================
Received Prepare
Shader 'Oculus/OVRMRCameraFrameLit': fallback shader 'Alpha-Diffuse' not found
Shader 'AngryBots/PlanarRealtimeReflection': fallback shader 'AngryBots/Fallback' not found
Refreshing native plugins compatible for Editor in 9.79 ms, found 4 plugins.
Preloading 1 native plugins for Editor in 0.03 ms.
Unloading 59 Unused Serialized files (Serialized files now loaded: 0)
System memory in use before: 69.7 MB.
System memory in use after: 68.8 MB.

Unloading 59 unused Assets to reduce memory usage. Loaded Objects now: 2537.
Total: 2.979000 ms (FindLiveObjects: 0.213300 ms CreateObjectMapping: 0.070900 ms MarkObjects: 1.888300 ms  DeleteObjects: 0.805400 ms)

========================================================================
Received Prepare
Registering precompiled user dll's ...
Registered in 0.822742 seconds.
Begin MonoManager ReloadAssembly
Native extension for WindowsStandalone target not found
Native extension for WebGL target not found
Refreshing native plugins compatible for Editor in 0.87 ms, found 4 plugins.
Preloading 1 native plugins for Editor in 0.04 ms.
Invoked RoslynAnalysisRunner static constructor.
RoslynAnalysisRunner will not be running.
RoslynAnalysisRunner has terminated.
Mono: successfully reloaded assembly
- Completed reload, in  0.821 seconds
Platform modules already initialized, skipping
Switching build target platform(5) subTarget(0) extendedPlatform(0) -> platform(13) subTarget(524288) extendedPlatform(0)
Shader 'Oculus/OVRMRCameraFrameLit': fallback shader 'Alpha-Diffuse' not found
Shader 'AngryBots/PlanarRealtimeReflection': fallback shader 'AngryBots/Fallback' not found
Refreshing native plugins compatible for Editor in 0.89 ms, found 4 plugins.
Preloading 1 native plugins for Editor in 0.04 ms.
Unloading 2013 Unused Serialized files (Serialized files now loaded: 0)
System memory in use before: 106.1 MB.
System memory in use after: 105.2 MB.

Unloading 62 unused Assets to reduce memory usage. Loaded Objects now: 2541.
Total: 4.556400 ms (FindLiveObjects: 0.353100 ms CreateObjectMapping: 0.069900 ms MarkObjects: 2.922700 ms  DeleteObjects: 1.209000 ms)

AssetImportParameters requested are different than current active one (requested -> active):
  custom:graphics/normal-map-encoding: 01000000000000000000000000000000 -> 02000000000000000000000000000000
========================================================================
Received Prepare
Registering precompiled user dll's ...
Registered in 0.005175 seconds.
Begin MonoManager ReloadAssembly
Native extension for WindowsStandalone target not found
Native extension for WebGL target not found
Refreshing native plugins compatible for Editor in 1.09 ms, found 4 plugins.
Preloading 1 native plugins for Editor in 0.09 ms.
Invoked RoslynAnalysisRunner static constructor.
RoslynAnalysisRunner will not be running.
RoslynAnalysisRunner has terminated.
Mono: successfully reloaded assembly
- Completed reload, in  1.127 seconds
Platform modules already initialized, skipping
Switching build target platform(5) subTarget(0) extendedPlatform(0) -> platform(13) subTarget(524288) extendedPlatform(0)
Shader 'Oculus/OVRMRCameraFrameLit': fallback shader 'Alpha-Diffuse' not found
Shader 'AngryBots/PlanarRealtimeReflection': fallback shader 'AngryBots/Fallback' not found
Refreshing native plugins compatible for Editor in 0.95 ms, found 4 plugins.
Preloading 1 native plugins for Editor in 0.04 ms.
Unloading 2013 Unused Serialized files (Serialized files now loaded: 0)
System memory in use before: 106.1 MB.
System memory in use after: 105.3 MB.

Unloading 62 unused Assets to reduce memory usage. Loaded Objects now: 2545.
Total: 3.403100 ms (FindLiveObjects: 0.268900 ms CreateObjectMapping: 0.141100 ms MarkObjects: 2.090800 ms  DeleteObjects: 0.900900 ms)

AssetImportParameters requested are different than current active one (requested -> active):
  custom:graphics/normal-map-encoding: 01000000000000000000000000000000 -> 02000000000000000000000000000000
========================================================================
Received Prepare
Registering precompiled user dll's ...
Registered in 0.003839 seconds.
Begin MonoManager ReloadAssembly
Native extension for WindowsStandalone target not found
Native extension for WebGL target not found
Refreshing native plugins compatible for Editor in 0.99 ms, found 4 plugins.
Preloading 1 native plugins for Editor in 0.06 ms.
Invoked RoslynAnalysisRunner static constructor.
RoslynAnalysisRunner will not be running.
RoslynAnalysisRunner has terminated.
Mono: successfully reloaded assembly
- Completed reload, in  1.103 seconds
Platform modules already initialized, skipping
Switching build target platform(5) subTarget(0) extendedPlatform(0) -> platform(13) subTarget(524288) extendedPlatform(0)
Shader 'Oculus/OVRMRCameraFrameLit': fallback shader 'Alpha-Diffuse' not found
Shader 'AngryBots/PlanarRealtimeReflection': fallback shader 'AngryBots/Fallback' not found
Refreshing native plugins compatible for Editor in 1.45 ms, found 4 plugins.
Preloading 1 native plugins for Editor in 0.04 ms.
Unloading 2013 Unused Serialized files (Serialized files now loaded: 0)
System memory in use before: 106.2 MB.
System memory in use after: 105.3 MB.

Unloading 62 unused Assets to reduce memory usage. Loaded Objects now: 2549.
Total: 3.577100 ms (FindLiveObjects: 0.302300 ms CreateObjectMapping: 0.173300 ms MarkObjects: 2.099200 ms  DeleteObjects: 1.000200 ms)

AssetImportParameters requested are different than current active one (requested -> active):
  custom:graphics/normal-map-encoding: 01000000000000000000000000000000 -> 02000000000000000000000000000000
========================================================================
Received Import Request.
  Time since last request: 4715.876017 seconds.
  path: Assets/StarMapping/Star Map and Constellations.prefab
  artifactKey: Guid(9920a52bb2e5fe5478ab481fc2c659b9) Importer(815301076,1909f56bfc062723c751e8b465ee728b)
Start importing Assets/StarMapping/Star Map and Constellations.prefab using Guid(9920a52bb2e5fe5478ab481fc2c659b9) Importer(815301076,1909f56bfc062723c751e8b465ee728b)  -> (artifact id: 'ae3850578e2e5cd2374eeccceb2e6036') in 0.491000 seconds
  Import took 0.531093 seconds .

========================================================================
Received Import Request.
  Time since last request: 4.524369 seconds.
  path: Assets/Scripts/ConstellationReveal.cs
  artifactKey: Guid(4f644321de0155a43bfceae3d303fead) Importer(815301076,1909f56bfc062723c751e8b465ee728b)
Start importing Assets/Scripts/ConstellationReveal.cs using Guid(4f644321de0155a43bfceae3d303fead) Importer(815301076,1909f56bfc062723c751e8b465ee728b)  -> (artifact id: '24a4004105c1cc4c65289c57ffc2bdc4') in 0.010626 seconds
  Import took 0.031064 seconds .

========================================================================
Received Prepare
Registering precompiled user dll's ...
Registered in 0.005159 seconds.
Begin MonoManager ReloadAssembly
Native extension for WindowsStandalone target not found
Native extension for WebGL target not found
Refreshing native plugins compatible for Editor in 1.35 ms, found 4 plugins.
Preloading 1 native plugins for Editor in 0.06 ms.
Invoked RoslynAnalysisRunner static constructor.
RoslynAnalysisRunner will not be running.
RoslynAnalysisRunner has terminated.
Mono: successfully reloaded assembly
- Completed reload, in  1.116 seconds
Platform modules already initialized, skipping
Switching build target platform(5) subTarget(0) extendedPlatform(0) -> platform(13) subTarget(524288) extendedPlatform(0)
Shader 'Oculus/OVRMRCameraFrameLit': fallback shader 'Alpha-Diffuse' not found
Shader 'AngryBots/PlanarRealtimeReflection': fallback shader 'AngryBots/Fallback' not found
Refreshing native plugins compatible for Editor in 0.95 ms, found 4 plugins.
Preloading 1 native plugins for Editor in 0.04 ms.
Unloading 2013 Unused Serialized files (Serialized files now loaded: 0)
System memory in use before: 108.8 MB.
System memory in use after: 107.9 MB.

Unloading 62 unused Assets to reduce memory usage. Loaded Objects now: 2558.
Total: 5.065000 ms (FindLiveObjects: 0.742600 ms CreateObjectMapping: 0.326700 ms MarkObjects: 2.670900 ms  DeleteObjects: 1.322500 ms)

AssetImportParameters requested are different than current active one (requested -> active):
  custom:graphics/normal-map-encoding: 01000000000000000000000000000000 -> 02000000000000000000000000000000
========================================================================
Received Prepare
Registering precompiled user dll's ...
Registered in 0.005009 seconds.
Begin MonoManager ReloadAssembly
Native extension for WindowsStandalone target not found
Native extension for WebGL target not found
Refreshing native plugins compatible for Editor in 1.18 ms, found 4 plugins.
Preloading 1 native plugins for Editor in 0.05 ms.
Invoked RoslynAnalysisRunner static constructor.
RoslynAnalysisRunner will not be running.
RoslynAnalysisRunner has terminated.
Mono: successfully reloaded assembly
- Completed reload, in  1.239 seconds
Platform modules already initialized, skipping
Switching build target platform(5) subTarget(0) extendedPlatform(0) -> platform(13) subTarget(524288) extendedPlatform(0)
Shader 'Oculus/OVRMRCameraFrameLit': fallback shader 'Alpha-Diffuse' not found
Shader 'AngryBots/PlanarRealtimeReflection': fallback shader 'AngryBots/Fallback' not found
Refreshing native plugins compatible for Editor in 1.15 ms, found 4 plugins.
Preloading 1 native plugins for Editor in 0.05 ms.
Unloading 2013 Unused Serialized files (Serialized files now loaded: 0)
System memory in use before: 108.7 MB.
System memory in use after: 107.8 MB.

Unloading 62 unused Assets to reduce memory usage. Loaded Objects now: 2562.
Total: 4.920300 ms (FindLiveObjects: 1.001600 ms CreateObjectMapping: 0.140700 ms MarkObjects: 2.260200 ms  DeleteObjects: 1.516200 ms)

AssetImportParameters requested are different than current active one (requested -> active):
  custom:graphics/normal-map-encoding: 01000000000000000000000000000000 -> 02000000000000000000000000000000
========================================================================
Received Prepare
Registering precompiled user dll's ...
Registered in 0.005021 seconds.
Begin MonoManager ReloadAssembly
Native extension for WindowsStandalone target not found
Native extension for WebGL target not found
Refreshing native plugins compatible for Editor in 0.93 ms, found 4 plugins.
Preloading 1 native plugins for Editor in 0.07 ms.
Invoked RoslynAnalysisRunner static constructor.
RoslynAnalysisRunner will not be running.
RoslynAnalysisRunner has terminated.
Mono: successfully reloaded assembly
- Completed reload, in  1.127 seconds
Platform modules already initialized, skipping
Switching build target platform(5) subTarget(0) extendedPlatform(0) -> platform(13) subTarget(524288) extendedPlatform(0)
Shader 'Oculus/OVRMRCameraFrameLit': fallback shader 'Alpha-Diffuse' not found
Shader 'AngryBots/PlanarRealtimeReflection': fallback shader 'AngryBots/Fallback' not found
Refreshing native plugins compatible for Editor in 0.94 ms, found 4 plugins.
Preloading 1 native plugins for Editor in 0.04 ms.
Unloading 2013 Unused Serialized files (Serialized files now loaded: 0)
System memory in use before: 108.7 MB.
System memory in use after: 107.9 MB.

Unloading 62 unused Assets to reduce memory usage. Loaded Objects now: 2566.
Total: 5.067100 ms (FindLiveObjects: 0.332600 ms CreateObjectMapping: 0.228500 ms MarkObjects: 3.130600 ms  DeleteObjects: 1.373300 ms)

AssetImportParameters requested are different than current active one (requested -> active):
  custom:graphics/normal-map-encoding: 01000000000000000000000000000000 -> 02000000000000000000000000000000
========================================================================
Received Prepare
Registering precompiled user dll's ...
Registered in 0.003834 seconds.
Begin MonoManager ReloadAssembly
Native extension for WindowsStandalone target not found
Native extension for WebGL target not found
Refreshing native plugins compatible for Editor in 0.86 ms, found 4 plugins.
Preloading 1 native plugins for Editor in 0.04 ms.
Invoked RoslynAnalysisRunner static constructor.
RoslynAnalysisRunner will not be running.
RoslynAnalysisRunner has terminated.
Mono: successfully reloaded assembly
- Completed reload, in  0.900 seconds
Platform modules already initialized, skipping
Switching build target platform(5) subTarget(0) extendedPlatform(0) -> platform(13) subTarget(524288) extendedPlatform(0)
Shader 'Oculus/OVRMRCameraFrameLit': fallback shader 'Alpha-Diffuse' not found
Shader 'AngryBots/PlanarRealtimeReflection': fallback shader 'AngryBots/Fallback' not found
Refreshing native plugins compatible for Editor in 0.83 ms, found 4 plugins.
Preloading 1 native plugins for Editor in 0.04 ms.
Unloading 2013 Unused Serialized files (Serialized files now loaded: 0)
System memory in use before: 108.8 MB.
System memory in use after: 107.9 MB.

Unloading 62 unused Assets to reduce memory usage. Loaded Objects now: 2570.
Total: 3.958600 ms (FindLiveObjects: 0.434700 ms CreateObjectMapping: 0.261900 ms MarkObjects: 2.272600 ms  DeleteObjects: 0.987700 ms)

AssetImportParameters requested are different than current active one (requested -> active):
  custom:graphics/normal-map-encoding: 01000000000000000000000000000000 -> 02000000000000000000000000000000
========================================================================
Received Prepare
Registering precompiled user dll's ...
Registered in 0.004979 seconds.
Begin MonoManager ReloadAssembly
Native extension for WindowsStandalone target not found
Native extension for WebGL target not found
Refreshing native plugins compatible for Editor in 0.99 ms, found 4 plugins.
Preloading 1 native plugins for Editor in 0.06 ms.
Invoked RoslynAnalysisRunner static constructor.
RoslynAnalysisRunner will not be running.
RoslynAnalysisRunner has terminated.
Mono: successfully reloaded assembly
- Completed reload, in  1.071 seconds
Platform modules already initialized, skipping
Switching build target platform(5) subTarget(0) extendedPlatform(0) -> platform(13) subTarget(524288) extendedPlatform(0)
Shader 'Oculus/OVRMRCameraFrameLit': fallback shader 'Alpha-Diffuse' not found
Shader 'AngryBots/PlanarRealtimeReflection': fallback shader 'AngryBots/Fallback' not found
Refreshing native plugins compatible for Editor in 0.96 ms, found 4 plugins.
Preloading 1 native plugins for Editor in 0.05 ms.
Unloading 2013 Unused Serialized files (Serialized files now loaded: 0)
System memory in use before: 108.9 MB.
System memory in use after: 108.0 MB.

Unloading 62 unused Assets to reduce memory usage. Loaded Objects now: 2574.
Total: 4.469200 ms (FindLiveObjects: 0.310700 ms CreateObjectMapping: 0.194900 ms MarkObjects: 2.546700 ms  DeleteObjects: 1.414600 ms)

AssetImportParameters requested are different than current active one (requested -> active):
  custom:graphics/normal-map-encoding: 01000000000000000000000000000000 -> 02000000000000000000000000000000
========================================================================
Received Prepare
Registering precompiled user dll's ...
Registered in 0.005661 seconds.
Begin MonoManager ReloadAssembly
Native extension for WindowsStandalone target not found
Native extension for WebGL target not found
Refreshing native plugins compatible for Editor in 1.04 ms, found 4 plugins.
Preloading 1 native plugins for Editor in 0.05 ms.
Invoked RoslynAnalysisRunner static constructor.
RoslynAnalysisRunner will not be running.
RoslynAnalysisRunner has terminated.
Mono: successfully reloaded assembly
- Completed reload, in  1.079 seconds
Platform modules already initialized, skipping
Switching build target platform(5) subTarget(0) extendedPlatform(0) -> platform(13) subTarget(524288) extendedPlatform(0)
Shader 'Oculus/OVRMRCameraFrameLit': fallback shader 'Alpha-Diffuse' not found
Shader 'AngryBots/PlanarRealtimeReflection': fallback shader 'AngryBots/Fallback' not found
Refreshing native plugins compatible for Editor in 0.96 ms, found 4 plugins.
Preloading 1 native plugins for Editor in 0.04 ms.
Unloading 2013 Unused Serialized files (Serialized files now loaded: 0)
System memory in use before: 108.9 MB.
System memory in use after: 108.0 MB.

Unloading 62 unused Assets to reduce memory usage. Loaded Objects now: 2578.
Total: 5.143900 ms (FindLiveObjects: 0.539800 ms CreateObjectMapping: 0.255200 ms MarkObjects: 3.186500 ms  DeleteObjects: 1.160100 ms)

AssetImportParameters requested are different than current active one (requested -> active):
  custom:graphics/normal-map-encoding: 01000000000000000000000000000000 -> 02000000000000000000000000000000
========================================================================
Received Prepare
Registering precompiled user dll's ...
Registered in 0.004717 seconds.
Begin MonoManager ReloadAssembly
Native extension for WindowsStandalone target not found
Native extension for WebGL target not found
Refreshing native plugins compatible for Editor in 1.03 ms, found 4 plugins.
Preloading 1 native plugins for Editor in 0.05 ms.
Invoked RoslynAnalysisRunner static constructor.
RoslynAnalysisRunner will not be running.
RoslynAnalysisRunner has terminated.
Mono: successfully reloaded assembly
- Completed reload, in  1.146 seconds
Platform modules already initialized, skipping
Switching build target platform(5) subTarget(0) extendedPlatform(0) -> platform(13) subTarget(524288) extendedPlatform(0)
Shader 'Oculus/OVRMRCameraFrameLit': fallback shader 'Alpha-Diffuse' not found
Shader 'AngryBots/PlanarRealtimeReflection': fallback shader 'AngryBots/Fallback' not found
Refreshing native plugins compatible for Editor in 1.09 ms, found 4 plugins.
Preloading 1 native plugins for Editor in 0.05 ms.
Unloading 2013 Unused Serialized files (Serialized files now loaded: 0)
System memory in use before: 108.9 MB.
System memory in use after: 108.0 MB.

Unloading 62 unused Assets to reduce memory usage. Loaded Objects now: 2582.
Total: 4.940600 ms (FindLiveObjects: 0.519500 ms CreateObjectMapping: 0.265600 ms MarkObjects: 2.895400 ms  DeleteObjects: 1.257900 ms)

AssetImportParameters requested are different than current active one (requested -> active):
  custom:graphics/normal-map-encoding: 01000000000000000000000000000000 -> 02000000000000000000000000000000
========================================================================
Received Prepare
Registering precompiled user dll's ...
Registered in 0.005701 seconds.
Begin MonoManager ReloadAssembly
Native extension for WindowsStandalone target not found
Native extension for WebGL target not found
Refreshing native plugins compatible for Editor in 1.07 ms, found 4 plugins.
Preloading 1 native plugins for Editor in 0.11 ms.
Invoked RoslynAnalysisRunner static constructor.
RoslynAnalysisRunner will not be running.
RoslynAnalysisRunner has terminated.
Mono: successfully reloaded assembly
- Completed reload, in  1.297 seconds
Platform modules already initialized, skipping
Switching build target platform(5) subTarget(0) extendedPlatform(0) -> platform(13) subTarget(524288) extendedPlatform(0)
Shader 'Oculus/OVRMRCameraFrameLit': fallback shader 'Alpha-Diffuse' not found
Shader 'AngryBots/PlanarRealtimeReflection': fallback shader 'AngryBots/Fallback' not found
Refreshing native plugins compatible for Editor in 1.20 ms, found 4 plugins.
Preloading 1 native plugins for Editor in 0.04 ms.
Unloading 2013 Unused Serialized files (Serialized files now loaded: 0)
System memory in use before: 108.9 MB.
System memory in use after: 108.0 MB.

Unloading 62 unused Assets to reduce memory usage. Loaded Objects now: 2586.
Total: 4.652000 ms (FindLiveObjects: 0.312000 ms CreateObjectMapping: 0.208700 ms MarkObjects: 2.685400 ms  DeleteObjects: 1.444000 ms)

AssetImportParameters requested are different than current active one (requested -> active):
  custom:graphics/normal-map-encoding: 01000000000000000000000000000000 -> 02000000000000000000000000000000
========================================================================
Received Prepare
Registering precompiled user dll's ...
Registered in 0.004999 seconds.
Begin MonoManager ReloadAssembly
Native extension for WindowsStandalone target not found
Native extension for WebGL target not found
Refreshing native plugins compatible for Editor in 1.24 ms, found 4 plugins.
Preloading 1 native plugins for Editor in 0.07 ms.
Invoked RoslynAnalysisRunner static constructor.
RoslynAnalysisRunner will not be running.
RoslynAnalysisRunner has terminated.
Mono: successfully reloaded assembly
- Completed reload, in  1.514 seconds
Platform modules already initialized, skipping
Switching build target platform(5) subTarget(0) extendedPlatform(0) -> platform(13) subTarget(524288) extendedPlatform(0)
Shader 'Oculus/OVRMRCameraFrameLit': fallback shader 'Alpha-Diffuse' not found
Shader 'AngryBots/PlanarRealtimeReflection': fallback shader 'AngryBots/Fallback' not found
Refreshing native plugins compatible for Editor in 1.47 ms, found 4 plugins.
Preloading 1 native plugins for Editor in 0.05 ms.
Unloading 2013 Unused Serialized files (Serialized files now loaded: 0)
System memory in use before: 108.8 MB.
System memory in use after: 107.9 MB.

Unloading 62 unused Assets to reduce memory usage. Loaded Objects now: 2590.
Total: 4.951600 ms (FindLiveObjects: 0.455100 ms CreateObjectMapping: 0.214700 ms MarkObjects: 3.018600 ms  DeleteObjects: 1.260500 ms)

AssetImportParameters requested are different than current active one (requested -> active):
  custom:graphics/normal-map-encoding: 01000000000000000000000000000000 -> 02000000000000000000000000000000
========================================================================
Received Prepare
Registering precompiled user dll's ...
Registered in 0.004298 seconds.
Begin MonoManager ReloadAssembly
Native extension for WindowsStandalone target not found
Native extension for WebGL target not found
Refreshing native plugins compatible for Editor in 0.88 ms, found 4 plugins.
Preloading 1 native plugins for Editor in 0.04 ms.
Invoked RoslynAnalysisRunner static constructor.
RoslynAnalysisRunner will not be running.
RoslynAnalysisRunner has terminated.
Mono: successfully reloaded assembly
- Completed reload, in  0.891 seconds
Platform modules already initialized, skipping
Switching build target platform(5) subTarget(0) extendedPlatform(0) -> platform(13) subTarget(524288) extendedPlatform(0)
Shader 'Oculus/OVRMRCameraFrameLit': fallback shader 'Alpha-Diffuse' not found
Shader 'AngryBots/PlanarRealtimeReflection': fallback shader 'AngryBots/Fallback' not found
Refreshing native plugins compatible for Editor in 0.89 ms, found 4 plugins.
Preloading 1 native plugins for Editor in 0.04 ms.
Unloading 2013 Unused Serialized files (Serialized files now loaded: 0)
System memory in use before: 108.9 MB.
System memory in use after: 108.0 MB.

Unloading 62 unused Assets to reduce memory usage. Loaded Objects now: 2594.
Total: 3.795500 ms (FindLiveObjects: 0.290000 ms CreateObjectMapping: 0.161100 ms MarkObjects: 2.117700 ms  DeleteObjects: 1.224800 ms)

AssetImportParameters requested are different than current active one (requested -> active):
  custom:graphics/normal-map-encoding: 01000000000000000000000000000000 -> 02000000000000000000000000000000
========================================================================
Received Prepare
Registering precompiled user dll's ...
Registered in 0.005155 seconds.
Begin MonoManager ReloadAssembly
Native extension for WindowsStandalone target not found
Native extension for WebGL target not found
Refreshing native plugins compatible for Editor in 1.85 ms, found 4 plugins.
Preloading 1 native plugins for Editor in 0.09 ms.
Invoked RoslynAnalysisRunner static constructor.
RoslynAnalysisRunner will not be running.
RoslynAnalysisRunner has terminated.
Mono: successfully reloaded assembly
- Completed reload, in  1.362 seconds
Platform modules already initialized, skipping
Switching build target platform(5) subTarget(0) extendedPlatform(0) -> platform(13) subTarget(524288) extendedPlatform(0)
Shader 'Oculus/OVRMRCameraFrameLit': fallback shader 'Alpha-Diffuse' not found
Shader 'AngryBots/PlanarRealtimeReflection': fallback shader 'AngryBots/Fallback' not found
Refreshing native plugins compatible for Editor in 1.46 ms, found 4 plugins.
Preloading 1 native plugins for Editor in 0.05 ms.
Unloading 2013 Unused Serialized files (Serialized files now loaded: 0)
System memory in use before: 108.9 MB.
System memory in use after: 108.0 MB.

Unloading 62 unused Assets to reduce memory usage. Loaded Objects now: 2598.
Total: 5.377200 ms (FindLiveObjects: 0.765700 ms CreateObjectMapping: 0.323200 ms MarkObjects: 2.603400 ms  DeleteObjects: 1.683200 ms)

AssetImportParameters requested are different than current active one (requested -> active):
  custom:graphics/normal-map-encoding: 01000000000000000000000000000000 -> 02000000000000000000000000000000
========================================================================
Received Prepare
Registering precompiled user dll's ...
Registered in 0.005359 seconds.
Begin MonoManager ReloadAssembly
Native extension for WindowsStandalone target not found
Native extension for WebGL target not found
Refreshing native plugins compatible for Editor in 1.45 ms, found 4 plugins.
Preloading 1 native plugins for Editor in 0.06 ms.
Invoked RoslynAnalysisRunner static constructor.
RoslynAnalysisRunner will not be running.
RoslynAnalysisRunner has terminated.
Mono: successfully reloaded assembly
- Completed reload, in  1.129 seconds
Platform modules already initialized, skipping
Switching build target platform(5) subTarget(0) extendedPlatform(0) -> platform(13) subTarget(524288) extendedPlatform(0)
Shader 'Oculus/OVRMRCameraFrameLit': fallback shader 'Alpha-Diffuse' not found
Shader 'AngryBots/PlanarRealtimeReflection': fallback shader 'AngryBots/Fallback' not found
Refreshing native plugins compatible for Editor in 1.04 ms, found 4 plugins.
Preloading 1 native plugins for Editor in 0.05 ms.
Unloading 2013 Unused Serialized files (Serialized files now loaded: 0)
System memory in use before: 108.9 MB.
System memory in use after: 108.0 MB.

Unloading 62 unused Assets to reduce memory usage. Loaded Objects now: 2602.
Total: 4.052200 ms (FindLiveObjects: 0.450500 ms CreateObjectMapping: 0.290900 ms MarkObjects: 2.165100 ms  DeleteObjects: 1.143100 ms)

AssetImportParameters requested are different than current active one (requested -> active):
  custom:graphics/normal-map-encoding: 01000000000000000000000000000000 -> 02000000000000000000000000000000
========================================================================
Received Prepare
Registering precompiled user dll's ...
Registered in 0.004782 seconds.
Begin MonoManager ReloadAssembly
Native extension for WindowsStandalone target not found
Native extension for WebGL target not found
Refreshing native plugins compatible for Editor in 1.57 ms, found 4 plugins.
Preloading 1 native plugins for Editor in 0.08 ms.
Invoked RoslynAnalysisRunner static constructor.
RoslynAnalysisRunner will not be running.
RoslynAnalysisRunner has terminated.
Mono: successfully reloaded assembly
- Completed reload, in  1.313 seconds
Platform modules already initialized, skipping
Switching build target platform(5) subTarget(0) extendedPlatform(0) -> platform(13) subTarget(524288) extendedPlatform(0)
Shader 'Oculus/OVRMRCameraFrameLit': fallback shader 'Alpha-Diffuse' not found
Shader 'AngryBots/PlanarRealtimeReflection': fallback shader 'AngryBots/Fallback' not found
Refreshing native plugins compatible for Editor in 0.85 ms, found 4 plugins.
Preloading 1 native plugins for Editor in 0.04 ms.
Unloading 2013 Unused Serialized files (Serialized files now loaded: 0)
System memory in use before: 108.9 MB.
System memory in use after: 108.0 MB.

Unloading 62 unused Assets to reduce memory usage. Loaded Objects now: 2606.
Total: 5.154600 ms (FindLiveObjects: 0.341200 ms CreateObjectMapping: 0.226700 ms MarkObjects: 2.978200 ms  DeleteObjects: 1.606600 ms)

AssetImportParameters requested are different than current active one (requested -> active):
  custom:graphics/normal-map-encoding: 01000000000000000000000000000000 -> 02000000000000000000000000000000
========================================================================
Received Prepare
Registering precompiled user dll's ...
Registered in 0.004659 seconds.
Begin MonoManager ReloadAssembly
Native extension for WindowsStandalone target not found
Native extension for WebGL target not found
Refreshing native plugins compatible for Editor in 0.91 ms, found 4 plugins.
Preloading 1 native plugins for Editor in 0.09 ms.
Invoked RoslynAnalysisRunner static constructor.
RoslynAnalysisRunner will not be running.
RoslynAnalysisRunner has terminated.
Mono: successfully reloaded assembly
- Completed reload, in  1.139 seconds
Platform modules already initialized, skipping
Switching build target platform(5) subTarget(0) extendedPlatform(0) -> platform(13) subTarget(524288) extendedPlatform(0)
Shader 'Oculus/OVRMRCameraFrameLit': fallback shader 'Alpha-Diffuse' not found
Shader 'AngryBots/PlanarRealtimeReflection': fallback shader 'AngryBots/Fallback' not found
Refreshing native plugins compatible for Editor in 0.99 ms, found 4 plugins.
Preloading 1 native plugins for Editor in 0.04 ms.
Unloading 2013 Unused Serialized files (Serialized files now loaded: 0)
System memory in use before: 108.8 MB.
System memory in use after: 108.0 MB.

Unloading 62 unused Assets to reduce memory usage. Loaded Objects now: 2610.
Total: 3.789100 ms (FindLiveObjects: 0.327100 ms CreateObjectMapping: 0.214100 ms MarkObjects: 2.230300 ms  DeleteObjects: 1.015900 ms)

AssetImportParameters requested are different than current active one (requested -> active):
  custom:graphics/normal-map-encoding: 01000000000000000000000000000000 -> 02000000000000000000000000000000
========================================================================
Received Prepare
Registering precompiled user dll's ...
Registered in 0.004169 seconds.
Begin MonoManager ReloadAssembly
Native extension for WindowsStandalone target not found
Native extension for WebGL target not found
Refreshing native plugins compatible for Editor in 1.10 ms, found 4 plugins.
Preloading 1 native plugins for Editor in 0.06 ms.
Invoked RoslynAnalysisRunner static constructor.
RoslynAnalysisRunner will not be running.
RoslynAnalysisRunner has terminated.
Mono: successfully reloaded assembly
- Completed reload, in  1.450 seconds
Platform modules already initialized, skipping
Switching build target platform(5) subTarget(0) extendedPlatform(0) -> platform(13) subTarget(524288) extendedPlatform(0)
Shader 'Oculus/OVRMRCameraFrameLit': fallback shader 'Alpha-Diffuse' not found
Shader 'AngryBots/PlanarRealtimeReflection': fallback shader 'AngryBots/Fallback' not found
Refreshing native plugins compatible for Editor in 1.04 ms, found 4 plugins.
Preloading 1 native plugins for Editor in 0.04 ms.
Unloading 2013 Unused Serialized files (Serialized files now loaded: 0)
System memory in use before: 108.9 MB.
System memory in use after: 108.1 MB.

Unloading 62 unused Assets to reduce memory usage. Loaded Objects now: 2614.
Total: 4.113300 ms (FindLiveObjects: 0.445800 ms CreateObjectMapping: 0.220800 ms MarkObjects: 2.219100 ms  DeleteObjects: 1.225300 ms)

AssetImportParameters requested are different than current active one (requested -> active):
  custom:graphics/normal-map-encoding: 01000000000000000000000000000000 -> 02000000000000000000000000000000
========================================================================
Received Prepare
Registering precompiled user dll's ...
Registered in 0.003805 seconds.
Begin MonoManager ReloadAssembly
Native extension for WindowsStandalone target not found
Native extension for WebGL target not found
Refreshing native plugins compatible for Editor in 1.66 ms, found 4 plugins.
Preloading 1 native plugins for Editor in 0.09 ms.
Invoked RoslynAnalysisRunner static constructor.
RoslynAnalysisRunner will not be running.
RoslynAnalysisRunner has terminated.
Mono: successfully reloaded assembly
- Completed reload, in  1.145 seconds
Platform modules already initialized, skipping
Switching build target platform(5) subTarget(0) extendedPlatform(0) -> platform(13) subTarget(524288) extendedPlatform(0)
Shader 'Oculus/OVRMRCameraFrameLit': fallback shader 'Alpha-Diffuse' not found
Shader 'AngryBots/PlanarRealtimeReflection': fallback shader 'AngryBots/Fallback' not found
Refreshing native plugins compatible for Editor in 0.88 ms, found 4 plugins.
Preloading 1 native plugins for Editor in 0.04 ms.
Unloading 2013 Unused Serialized files (Serialized files now loaded: 0)
System memory in use before: 108.9 MB.
System memory in use after: 108.1 MB.

Unloading 62 unused Assets to reduce memory usage. Loaded Objects now: 2618.
Total: 3.680300 ms (FindLiveObjects: 0.309300 ms CreateObjectMapping: 0.194300 ms MarkObjects: 2.102800 ms  DeleteObjects: 1.072200 ms)

AssetImportParameters requested are different than current active one (requested -> active):
  custom:graphics/normal-map-encoding: 01000000000000000000000000000000 -> 02000000000000000000000000000000
========================================================================
Received Prepare
Registering precompiled user dll's ...
Registered in 0.005448 seconds.
Begin MonoManager ReloadAssembly
Native extension for WindowsStandalone target not found
Native extension for WebGL target not found
Refreshing native plugins compatible for Editor in 1.14 ms, found 4 plugins.
Preloading 1 native plugins for Editor in 0.05 ms.
Invoked RoslynAnalysisRunner static constructor.
RoslynAnalysisRunner will not be running.
RoslynAnalysisRunner has terminated.
Mono: successfully reloaded assembly
- Completed reload, in  1.127 seconds
Platform modules already initialized, skipping
Switching build target platform(5) subTarget(0) extendedPlatform(0) -> platform(13) subTarget(524288) extendedPlatform(0)
Shader 'Oculus/OVRMRCameraFrameLit': fallback shader 'Alpha-Diffuse' not found
Shader 'AngryBots/PlanarRealtimeReflection': fallback shader 'AngryBots/Fallback' not found
Refreshing native plugins compatible for Editor in 1.04 ms, found 4 plugins.
Preloading 1 native plugins for Editor in 0.05 ms.
Unloading 2013 Unused Serialized files (Serialized files now loaded: 0)
System memory in use before: 109.0 MB.
System memory in use after: 108.1 MB.

Unloading 62 unused Assets to reduce memory usage. Loaded Objects now: 2622.
Total: 4.533400 ms (FindLiveObjects: 0.495400 ms CreateObjectMapping: 0.236700 ms MarkObjects: 2.618200 ms  DeleteObjects: 1.181100 ms)

AssetImportParameters requested are different than current active one (requested -> active):
  custom:graphics/normal-map-encoding: 01000000000000000000000000000000 -> 02000000000000000000000000000000
========================================================================
Received Import Request.
  Time since last request: 11522.412381 seconds.
  path: Assets/Materials/walls_setup.mat
  artifactKey: Guid(7e489ba86b005df4c919daaaf30cdcf9) Importer(815301076,1909f56bfc062723c751e8b465ee728b)
Start importing Assets/Materials/walls_setup.mat using Guid(7e489ba86b005df4c919daaaf30cdcf9) Importer(815301076,1909f56bfc062723c751e8b465ee728b)  -> (artifact id: '0954f2df597fdd9f86dc68516c168742') in 0.074097 seconds
  Import took 0.097369 seconds .

========================================================================
Received Import Request.
  Time since last request: 439.924135 seconds.
  path: Assets/Materials/walls_setup.mat
  artifactKey: Guid(7e489ba86b005df4c919daaaf30cdcf9) Importer(815301076,1909f56bfc062723c751e8b465ee728b)
Start importing Assets/Materials/walls_setup.mat using Guid(7e489ba86b005df4c919daaaf30cdcf9) Importer(815301076,1909f56bfc062723c751e8b465ee728b)  -> (artifact id: 'efed6fe18463c755fb4b4d1c70872161') in 0.013310 seconds
  Import took 0.024899 seconds .

========================================================================
Received Import Request.
  Time since last request: 116.397386 seconds.
  path: Assets/Pixelplacement/Demo.prefab
  artifactKey: Guid(4383713e07d0d6340981454240399ee6) Importer(815301076,1909f56bfc062723c751e8b465ee728b)
Start importing Assets/Pixelplacement/Demo.prefab using Guid(4383713e07d0d6340981454240399ee6) Importer(815301076,1909f56bfc062723c751e8b465ee728b)  -> (artifact id: '3031a4aca1ee4cda6203365793de284e') in 0.076415 seconds
  Import took 0.087408 seconds .

========================================================================
Received Prepare
Registering precompiled user dll's ...
Registered in 0.004012 seconds.
Begin MonoManager ReloadAssembly
Native extension for WindowsStandalone target not found
Native extension for WebGL target not found
Refreshing native plugins compatible for Editor in 0.87 ms, found 4 plugins.
Preloading 1 native plugins for Editor in 0.06 ms.
Invoked RoslynAnalysisRunner static constructor.
RoslynAnalysisRunner will not be running.
RoslynAnalysisRunner has terminated.
Mono: successfully reloaded assembly
- Completed reload, in  0.897 seconds
Platform modules already initialized, skipping
Switching build target platform(5) subTarget(0) extendedPlatform(0) -> platform(13) subTarget(524288) extendedPlatform(0)
Shader 'Oculus/OVRMRCameraFrameLit': fallback shader 'Alpha-Diffuse' not found
Shader 'AngryBots/PlanarRealtimeReflection': fallback shader 'AngryBots/Fallback' not found
Refreshing native plugins compatible for Editor in 0.91 ms, found 4 plugins.
Preloading 1 native plugins for Editor in 0.04 ms.
Unloading 1921 Unused Serialized files (Serialized files now loaded: 0)
System memory in use before: 107.4 MB.
System memory in use after: 106.6 MB.

Unloading 145 unused Assets to reduce memory usage. Loaded Objects now: 2579.
Total: 3.475400 ms (FindLiveObjects: 0.265800 ms CreateObjectMapping: 0.142300 ms MarkObjects: 2.108100 ms  DeleteObjects: 0.958400 ms)

AssetImportParameters requested are different than current active one (requested -> active):
  custom:graphics/normal-map-encoding: 01000000000000000000000000000000 -> 02000000000000000000000000000000
========================================================================
Received Prepare
Registering precompiled user dll's ...
Registered in 0.003779 seconds.
Begin MonoManager ReloadAssembly
Native extension for WindowsStandalone target not found
Native extension for WebGL target not found
Refreshing native plugins compatible for Editor in 0.84 ms, found 4 plugins.
Preloading 1 native plugins for Editor in 0.04 ms.
Invoked RoslynAnalysisRunner static constructor.
RoslynAnalysisRunner will not be running.
RoslynAnalysisRunner has terminated.
Mono: successfully reloaded assembly
- Completed reload, in  0.880 seconds
Platform modules already initialized, skipping
Switching build target platform(5) subTarget(0) extendedPlatform(0) -> platform(13) subTarget(524288) extendedPlatform(0)
Shader 'Oculus/OVRMRCameraFrameLit': fallback shader 'Alpha-Diffuse' not found
Shader 'AngryBots/PlanarRealtimeReflection': fallback shader 'AngryBots/Fallback' not found
Refreshing native plugins compatible for Editor in 0.88 ms, found 4 plugins.
Preloading 1 native plugins for Editor in 0.04 ms.
Unloading 1917 Unused Serialized files (Serialized files now loaded: 0)
System memory in use before: 106.8 MB.
System memory in use after: 105.9 MB.

Unloading 66 unused Assets to reduce memory usage. Loaded Objects now: 2579.
Total: 2.834500 ms (FindLiveObjects: 0.225000 ms CreateObjectMapping: 0.062500 ms MarkObjects: 1.618500 ms  DeleteObjects: 0.926800 ms)

AssetImportParameters requested are different than current active one (requested -> active):
  custom:graphics/normal-map-encoding: 01000000000000000000000000000000 -> 02000000000000000000000000000000
========================================================================
Received Prepare
Registering precompiled user dll's ...
Registered in 0.002590 seconds.
Begin MonoManager ReloadAssembly
Native extension for WindowsStandalone target not found
Native extension for WebGL target not found
Refreshing native plugins compatible for Editor in 0.95 ms, found 4 plugins.
Preloading 1 native plugins for Editor in 0.04 ms.
Invoked RoslynAnalysisRunner static constructor.
RoslynAnalysisRunner will not be running.
RoslynAnalysisRunner has terminated.
Mono: successfully reloaded assembly
- Completed reload, in  0.880 seconds
Platform modules already initialized, skipping
Switching build target platform(5) subTarget(0) extendedPlatform(0) -> platform(13) subTarget(524288) extendedPlatform(0)
Shader 'Oculus/OVRMRCameraFrameLit': fallback shader 'Alpha-Diffuse' not found
Shader 'AngryBots/PlanarRealtimeReflection': fallback shader 'AngryBots/Fallback' not found
Refreshing native plugins compatible for Editor in 0.80 ms, found 4 plugins.
Preloading 1 native plugins for Editor in 0.04 ms.
Unloading 1902 Unused Serialized files (Serialized files now loaded: 0)
System memory in use before: 106.4 MB.
System memory in use after: 105.5 MB.

Unloading 69 unused Assets to reduce memory usage. Loaded Objects now: 2572.
Total: 3.464200 ms (FindLiveObjects: 0.225800 ms CreateObjectMapping: 0.059800 ms MarkObjects: 2.185600 ms  DeleteObjects: 0.992200 ms)

AssetImportParameters requested are different than current active one (requested -> active):
  custom:graphics/normal-map-encoding: 01000000000000000000000000000000 -> 02000000000000000000000000000000
========================================================================
Received Import Request.
  Time since last request: 62.492652 seconds.
  path: Assets/Animations/window.anim
  artifactKey: Guid(793362df6579ca34181eae7c306ff035) Importer(815301076,1909f56bfc062723c751e8b465ee728b)
Start importing Assets/Animations/window.anim using Guid(793362df6579ca34181eae7c306ff035) Importer(815301076,1909f56bfc062723c751e8b465ee728b)  -> (artifact id: 'e752a13f70eae34c50e868861f9e02c5') in 0.017837 seconds
  Import took 0.063258 seconds .

========================================================================
Received Import Request.
  Time since last request: 14.668496 seconds.
  path: Assets/Scenes/MAIN.unity
  artifactKey: Guid(badd94b5f2a5d9a499817e6e9541c760) Importer(815301076,1909f56bfc062723c751e8b465ee728b)
Start importing Assets/Scenes/MAIN.unity using Guid(badd94b5f2a5d9a499817e6e9541c760) Importer(815301076,1909f56bfc062723c751e8b465ee728b)  -> (artifact id: '11efcbcad9a00fda6800c60b9526017e') in 0.007399 seconds
  Import took 0.011133 seconds .

========================================================================
Received Import Request.
  Time since last request: 2.763797 seconds.
  path: Assets/Scenes/SampleScene.unity
  artifactKey: Guid(9fc0d4010bbf28b4594072e72b8655ab) Importer(815301076,1909f56bfc062723c751e8b465ee728b)
Start importing Assets/Scenes/SampleScene.unity using Guid(9fc0d4010bbf28b4594072e72b8655ab) Importer(815301076,1909f56bfc062723c751e8b465ee728b)  -> (artifact id: '612af51c2d7b9de4486df933831c9bbb') in 0.006739 seconds
  Import took 0.011151 seconds .

========================================================================
Received Import Request.
  Time since last request: 0.000387 seconds.
  path: Assets/Scenes/SampleScene.unity
  artifactKey: Guid(9fc0d4010bbf28b4594072e72b8655ab) Importer(815301076,1909f56bfc062723c751e8b465ee728b)
Start importing Assets/Scenes/SampleScene.unity using Guid(9fc0d4010bbf28b4594072e72b8655ab) Importer(815301076,1909f56bfc062723c751e8b465ee728b)  -> (artifact id: '612af51c2d7b9de4486df933831c9bbb') in 0.002727 seconds
  Import took 0.006497 seconds .

========================================================================
Received Prepare
Registering precompiled user dll's ...
Registered in 0.002333 seconds.
Begin MonoManager ReloadAssembly
Native extension for WindowsStandalone target not found
Native extension for WebGL target not found
Refreshing native plugins compatible for Editor in 0.75 ms, found 4 plugins.
Preloading 1 native plugins for Editor in 0.04 ms.
Invoked RoslynAnalysisRunner static constructor.
RoslynAnalysisRunner will not be running.
RoslynAnalysisRunner has terminated.
Mono: successfully reloaded assembly
- Completed reload, in  0.875 seconds
Platform modules already initialized, skipping
Switching build target platform(5) subTarget(0) extendedPlatform(0) -> platform(13) subTarget(524288) extendedPlatform(0)
Shader 'Oculus/OVRMRCameraFrameLit': fallback shader 'Alpha-Diffuse' not found
Shader 'AngryBots/PlanarRealtimeReflection': fallback shader 'AngryBots/Fallback' not found
Refreshing native plugins compatible for Editor in 0.68 ms, found 4 plugins.
Preloading 1 native plugins for Editor in 0.04 ms.
Unloading 1860 Unused Serialized files (Serialized files now loaded: 0)
System memory in use before: 102.8 MB.
System memory in use after: 102.9 MB.

Unloading 44 unused Assets to reduce memory usage. Loaded Objects now: 2563.
Total: 2.002600 ms (FindLiveObjects: 0.237200 ms CreateObjectMapping: 0.080300 ms MarkObjects: 1.569100 ms  DeleteObjects: 0.115600 ms)

AssetImportParameters requested are different than current active one (requested -> active):
  custom:graphics/normal-map-encoding: 01000000000000000000000000000000 -> 02000000000000000000000000000000
========================================================================
Received Prepare
Shader 'Oculus/OVRMRCameraFrameLit': fallback shader 'Alpha-Diffuse' not found
Shader 'AngryBots/PlanarRealtimeReflection': fallback shader 'AngryBots/Fallback' not found
Refreshing native plugins compatible for Editor in 6.49 ms, found 4 plugins.
Preloading 1 native plugins for Editor in 0.03 ms.
Unloading 28 Unused Serialized files (Serialized files now loaded: 0)
System memory in use before: 67.8 MB.
System memory in use after: 67.9 MB.

Unloading 28 unused Assets to reduce memory usage. Loaded Objects now: 2563.
Total: 3.083200 ms (FindLiveObjects: 0.294900 ms CreateObjectMapping: 0.153700 ms MarkObjects: 2.475000 ms  DeleteObjects: 0.158300 ms)

========================================================================
Received Prepare
Shader 'Oculus/OVRMRCameraFrameLit': fallback shader 'Alpha-Diffuse' not found
Shader 'AngryBots/PlanarRealtimeReflection': fallback shader 'AngryBots/Fallback' not found
Refreshing native plugins compatible for Editor in 6.38 ms, found 4 plugins.
Preloading 1 native plugins for Editor in 0.04 ms.
Unloading 28 Unused Serialized files (Serialized files now loaded: 0)
System memory in use before: 67.8 MB.
System memory in use after: 67.9 MB.

Unloading 28 unused Assets to reduce memory usage. Loaded Objects now: 2563.
Total: 3.193200 ms (FindLiveObjects: 0.289400 ms CreateObjectMapping: 0.084900 ms MarkObjects: 2.678900 ms  DeleteObjects: 0.137300 ms)

========================================================================
Received Prepare
Registering precompiled user dll's ...
Registered in 0.003726 seconds.
Begin MonoManager ReloadAssembly
Native extension for WindowsStandalone target not found
Native extension for WebGL target not found
Refreshing native plugins compatible for Editor in 0.70 ms, found 4 plugins.
Preloading 1 native plugins for Editor in 0.06 ms.
Invoked RoslynAnalysisRunner static constructor.
RoslynAnalysisRunner will not be running.
RoslynAnalysisRunner has terminated.
Mono: successfully reloaded assembly
- Completed reload, in  1.186 seconds
Platform modules already initialized, skipping
Switching build target platform(5) subTarget(0) extendedPlatform(0) -> platform(13) subTarget(524288) extendedPlatform(0)
Shader 'Oculus/OVRMRCameraFrameLit': fallback shader 'Alpha-Diffuse' not found
Shader 'AngryBots/PlanarRealtimeReflection': fallback shader 'AngryBots/Fallback' not found
Refreshing native plugins compatible for Editor in 0.92 ms, found 4 plugins.
Preloading 1 native plugins for Editor in 0.06 ms.
Unloading 1860 Unused Serialized files (Serialized files now loaded: 0)
System memory in use before: 102.7 MB.
System memory in use after: 102.8 MB.

Unloading 31 unused Assets to reduce memory usage. Loaded Objects now: 2567.
Total: 9.455800 ms (FindLiveObjects: 1.087600 ms CreateObjectMapping: 0.253100 ms MarkObjects: 7.914100 ms  DeleteObjects: 0.196300 ms)

AssetImportParameters requested are different than current active one (requested -> active):
  custom:graphics/normal-map-encoding: 01000000000000000000000000000000 -> 02000000000000000000000000000000
========================================================================
Received Prepare
Registering precompiled user dll's ...
Registered in 0.003455 seconds.
Begin MonoManager ReloadAssembly
Native extension for WindowsStandalone target not found
Native extension for WebGL target not found
Refreshing native plugins compatible for Editor in 0.75 ms, found 4 plugins.
Preloading 1 native plugins for Editor in 0.05 ms.
Invoked RoslynAnalysisRunner static constructor.
RoslynAnalysisRunner will not be running.
RoslynAnalysisRunner has terminated.
Mono: successfully reloaded assembly
- Completed reload, in  1.259 seconds
Platform modules already initialized, skipping
Switching build target platform(5) subTarget(0) extendedPlatform(0) -> platform(13) subTarget(524288) extendedPlatform(0)
Shader 'Oculus/OVRMRCameraFrameLit': fallback shader 'Alpha-Diffuse' not found
Shader 'AngryBots/PlanarRealtimeReflection': fallback shader 'AngryBots/Fallback' not found
Refreshing native plugins compatible for Editor in 0.81 ms, found 4 plugins.
Preloading 1 native plugins for Editor in 0.06 ms.
Unloading 1860 Unused Serialized files (Serialized files now loaded: 0)
System memory in use before: 102.7 MB.
System memory in use after: 102.8 MB.

Unloading 31 unused Assets to reduce memory usage. Loaded Objects now: 2571.
Total: 3.138300 ms (FindLiveObjects: 0.314100 ms CreateObjectMapping: 0.178000 ms MarkObjects: 2.555700 ms  DeleteObjects: 0.088300 ms)

AssetImportParameters requested are different than current active one (requested -> active):
  custom:graphics/normal-map-encoding: 01000000000000000000000000000000 -> 02000000000000000000000000000000
========================================================================
Received Prepare
Registering precompiled user dll's ...
Registered in 0.002833 seconds.
Begin MonoManager ReloadAssembly
Native extension for WindowsStandalone target not found
Native extension for WebGL target not found
Refreshing native plugins compatible for Editor in 1.27 ms, found 4 plugins.
Preloading 1 native plugins for Editor in 0.08 ms.
Invoked RoslynAnalysisRunner static constructor.
RoslynAnalysisRunner will not be running.
RoslynAnalysisRunner has terminated.
Mono: successfully reloaded assembly
- Completed reload, in  1.257 seconds
Platform modules already initialized, skipping
Switching build target platform(5) subTarget(0) extendedPlatform(0) -> platform(13) subTarget(524288) extendedPlatform(0)
Shader 'Oculus/OVRMRCameraFrameLit': fallback shader 'Alpha-Diffuse' not found
Shader 'AngryBots/PlanarRealtimeReflection': fallback shader 'AngryBots/Fallback' not found
Refreshing native plugins compatible for Editor in 1.13 ms, found 4 plugins.
Preloading 1 native plugins for Editor in 0.05 ms.
Unloading 1860 Unused Serialized files (Serialized files now loaded: 0)
System memory in use before: 102.7 MB.
System memory in use after: 102.8 MB.

Unloading 31 unused Assets to reduce memory usage. Loaded Objects now: 2575.
Total: 2.648700 ms (FindLiveObjects: 0.352800 ms CreateObjectMapping: 0.195900 ms MarkObjects: 1.989000 ms  DeleteObjects: 0.108800 ms)

AssetImportParameters requested are different than current active one (requested -> active):
  custom:graphics/normal-map-encoding: 01000000000000000000000000000000 -> 02000000000000000000000000000000
========================================================================
Received Prepare
Registering precompiled user dll's ...
Registered in 0.002250 seconds.
Begin MonoManager ReloadAssembly
Native extension for WindowsStandalone target not found
Native extension for WebGL target not found
Refreshing native plugins compatible for Editor in 1.35 ms, found 4 plugins.
Preloading 1 native plugins for Editor in 0.08 ms.
Invoked RoslynAnalysisRunner static constructor.
RoslynAnalysisRunner will not be running.
RoslynAnalysisRunner has terminated.
Mono: successfully reloaded assembly
- Completed reload, in  1.164 seconds
Platform modules already initialized, skipping
Switching build target platform(5) subTarget(0) extendedPlatform(0) -> platform(13) subTarget(524288) extendedPlatform(0)
Shader 'Oculus/OVRMRCameraFrameLit': fallback shader 'Alpha-Diffuse' not found
Shader 'AngryBots/PlanarRealtimeReflection': fallback shader 'AngryBots/Fallback' not found
Refreshing native plugins compatible for Editor in 1.09 ms, found 4 plugins.
Preloading 1 native plugins for Editor in 0.05 ms.
Unloading 1860 Unused Serialized files (Serialized files now loaded: 0)
System memory in use before: 102.7 MB.
System memory in use after: 102.8 MB.

Unloading 31 unused Assets to reduce memory usage. Loaded Objects now: 2579.
Total: 3.835000 ms (FindLiveObjects: 0.566900 ms CreateObjectMapping: 0.215600 ms MarkObjects: 2.958200 ms  DeleteObjects: 0.092600 ms)

AssetImportParameters requested are different than current active one (requested -> active):
  custom:graphics/normal-map-encoding: 01000000000000000000000000000000 -> 02000000000000000000000000000000
========================================================================
Received Prepare
Registering precompiled user dll's ...
Registered in 0.003627 seconds.
Begin MonoManager ReloadAssembly
Native extension for WindowsStandalone target not found
Native extension for WebGL target not found
Refreshing native plugins compatible for Editor in 0.76 ms, found 4 plugins.
Preloading 1 native plugins for Editor in 0.05 ms.
Invoked RoslynAnalysisRunner static constructor.
RoslynAnalysisRunner will not be running.
RoslynAnalysisRunner has terminated.
Mono: successfully reloaded assembly
- Completed reload, in  1.207 seconds
Platform modules already initialized, skipping
Switching build target platform(5) subTarget(0) extendedPlatform(0) -> platform(13) subTarget(524288) extendedPlatform(0)
Shader 'Oculus/OVRMRCameraFrameLit': fallback shader 'Alpha-Diffuse' not found
Shader 'AngryBots/PlanarRealtimeReflection': fallback shader 'AngryBots/Fallback' not found
Refreshing native plugins compatible for Editor in 1.30 ms, found 4 plugins.
Preloading 1 native plugins for Editor in 0.05 ms.
Unloading 1860 Unused Serialized files (Serialized files now loaded: 0)
System memory in use before: 102.7 MB.
System memory in use after: 102.8 MB.

Unloading 31 unused Assets to reduce memory usage. Loaded Objects now: 2583.
Total: 2.957500 ms (FindLiveObjects: 0.642100 ms CreateObjectMapping: 0.298000 ms MarkObjects: 1.927100 ms  DeleteObjects: 0.089300 ms)

AssetImportParameters requested are different than current active one (requested -> active):
  custom:graphics/normal-map-encoding: 01000000000000000000000000000000 -> 02000000000000000000000000000000
========================================================================
Received Import Request.
  Time since last request: 19787.579188 seconds.
  path: Assets/Materials/Wireframe.shader
  artifactKey: Guid(88261e2f1e73c3848af8888fe01871b8) Importer(815301076,1909f56bfc062723c751e8b465ee728b)
Start importing Assets/Materials/Wireframe.shader using Guid(88261e2f1e73c3848af8888fe01871b8) Importer(815301076,1909f56bfc062723c751e8b465ee728b)  -> (artifact id: '09cc8d007509f1921051f3f984d5819f') in 0.027175 seconds
  Import took 0.054391 seconds .

========================================================================
Received Import Request.
  Time since last request: 20.453583 seconds.
  path: Assets/Materials/Wireframe.shader
  artifactKey: Guid(88261e2f1e73c3848af8888fe01871b8) Importer(815301076,1909f56bfc062723c751e8b465ee728b)
Start importing Assets/Materials/Wireframe.shader using Guid(88261e2f1e73c3848af8888fe01871b8) Importer(815301076,1909f56bfc062723c751e8b465ee728b)  -> (artifact id: 'd51f19aa2f79eda94068e495bb4b9b32') in 0.006287 seconds
  Import took 0.028341 seconds .

========================================================================
Received Import Request.
  Time since last request: 256.690924 seconds.
  path: Assets/Materials/wireframe.mat
  artifactKey: Guid(d96d605944f5c27428de72aaa2b05262) Importer(815301076,1909f56bfc062723c751e8b465ee728b)
Start importing Assets/Materials/wireframe.mat using Guid(d96d605944f5c27428de72aaa2b05262) Importer(815301076,1909f56bfc062723c751e8b465ee728b)  -> (artifact id: '45f1248895ab69e7570418999d145c0c') in 0.053711 seconds
  Import took 0.071246 seconds .

========================================================================
Received Prepare
Shader 'Oculus/OVRMRCameraFrameLit': fallback shader 'Alpha-Diffuse' not found
Shader 'AngryBots/PlanarRealtimeReflection': fallback shader 'AngryBots/Fallback' not found
Refreshing native plugins compatible for Editor in 10.36 ms, found 4 plugins.
Preloading 1 native plugins for Editor in 0.07 ms.
Unloading 29 Unused Serialized files (Serialized files now loaded: 0)
System memory in use before: 68.1 MB.
System memory in use after: 68.2 MB.

Unloading 29 unused Assets to reduce memory usage. Loaded Objects now: 2584.
Total: 3.713400 ms (FindLiveObjects: 0.382400 ms CreateObjectMapping: 0.065600 ms MarkObjects: 3.122100 ms  DeleteObjects: 0.142200 ms)

========================================================================
Received Import Request.
  Time since last request: 145.872714 seconds.
  path: Assets/Materials/wireframe.mat
  artifactKey: Guid(d96d605944f5c27428de72aaa2b05262) Importer(815301076,1909f56bfc062723c751e8b465ee728b)
Start importing Assets/Materials/wireframe.mat using Guid(d96d605944f5c27428de72aaa2b05262) Importer(815301076,1909f56bfc062723c751e8b465ee728b)  -> (artifact id: 'b0683506833d1bc99974868b231de740') in 0.021280 seconds
  Import took 0.068565 seconds .

========================================================================
Received Import Request.
  Time since last request: 0.308095 seconds.
  path: Assets/Materials/wireframe.mat
  artifactKey: Guid(d96d605944f5c27428de72aaa2b05262) Importer(815301076,1909f56bfc062723c751e8b465ee728b)
Start importing Assets/Materials/wireframe.mat using Guid(d96d605944f5c27428de72aaa2b05262) Importer(815301076,1909f56bfc062723c751e8b465ee728b)  -> (artifact id: 'b0683506833d1bc99974868b231de740') in 0.013902 seconds
  Import took 0.018807 seconds .

========================================================================
Received Prepare
Shader 'Oculus/OVRMRCameraFrameLit': fallback shader 'Alpha-Diffuse' not found
Shader 'AngryBots/PlanarRealtimeReflection': fallback shader 'AngryBots/Fallback' not found
Refreshing native plugins compatible for Editor in 7.70 ms, found 4 plugins.
Preloading 1 native plugins for Editor in 0.05 ms.
Unloading 29 Unused Serialized files (Serialized files now loaded: 0)
System memory in use before: 68.1 MB.
System memory in use after: 68.2 MB.

Unloading 28 unused Assets to reduce memory usage. Loaded Objects now: 2585.
Total: 3.726400 ms (FindLiveObjects: 0.336900 ms CreateObjectMapping: 0.148800 ms MarkObjects: 3.112200 ms  DeleteObjects: 0.126000 ms)

========================================================================
Received Prepare
Shader 'Oculus/OVRMRCameraFrameLit': fallback shader 'Alpha-Diffuse' not found
Shader 'AngryBots/PlanarRealtimeReflection': fallback shader 'AngryBots/Fallback' not found
Refreshing native plugins compatible for Editor in 7.28 ms, found 4 plugins.
Preloading 1 native plugins for Editor in 0.03 ms.
Unloading 28 Unused Serialized files (Serialized files now loaded: 0)
System memory in use before: 68.0 MB.
System memory in use after: 68.1 MB.

Unloading 28 unused Assets to reduce memory usage. Loaded Objects now: 2585.
Total: 2.979400 ms (FindLiveObjects: 0.234100 ms CreateObjectMapping: 0.063100 ms MarkObjects: 2.577700 ms  DeleteObjects: 0.103500 ms)

========================================================================
Received Prepare
Shader 'Oculus/OVRMRCameraFrameLit': fallback shader 'Alpha-Diffuse' not found
Shader 'AngryBots/PlanarRealtimeReflection': fallback shader 'AngryBots/Fallback' not found
Refreshing native plugins compatible for Editor in 8.57 ms, found 4 plugins.
Preloading 1 native plugins for Editor in 0.03 ms.
Unloading 28 Unused Serialized files (Serialized files now loaded: 0)
System memory in use before: 68.0 MB.
System memory in use after: 68.1 MB.

Unloading 28 unused Assets to reduce memory usage. Loaded Objects now: 2585.
Total: 2.708600 ms (FindLiveObjects: 0.461200 ms CreateObjectMapping: 0.144700 ms MarkObjects: 2.007500 ms  DeleteObjects: 0.093500 ms)

========================================================================
Received Prepare
Shader 'Oculus/OVRMRCameraFrameLit': fallback shader 'Alpha-Diffuse' not found
Shader 'AngryBots/PlanarRealtimeReflection': fallback shader 'AngryBots/Fallback' not found
Refreshing native plugins compatible for Editor in 13.64 ms, found 4 plugins.
Preloading 1 native plugins for Editor in 0.15 ms.
Unloading 28 Unused Serialized files (Serialized files now loaded: 0)
System memory in use before: 68.0 MB.
System memory in use after: 68.1 MB.

Unloading 28 unused Assets to reduce memory usage. Loaded Objects now: 2585.
Total: 3.768500 ms (FindLiveObjects: 0.518600 ms CreateObjectMapping: 0.234300 ms MarkObjects: 2.912000 ms  DeleteObjects: 0.101500 ms)

========================================================================
Received Prepare
Shader 'Oculus/OVRMRCameraFrameLit': fallback shader 'Alpha-Diffuse' not found
Shader 'AngryBots/PlanarRealtimeReflection': fallback shader 'AngryBots/Fallback' not found
Refreshing native plugins compatible for Editor in 7.83 ms, found 4 plugins.
Preloading 1 native plugins for Editor in 0.05 ms.
Unloading 28 Unused Serialized files (Serialized files now loaded: 0)
System memory in use before: 68.0 MB.
System memory in use after: 68.1 MB.

Unloading 28 unused Assets to reduce memory usage. Loaded Objects now: 2585.
Total: 2.371900 ms (FindLiveObjects: 0.255500 ms CreateObjectMapping: 0.063400 ms MarkObjects: 1.967000 ms  DeleteObjects: 0.085100 ms)

========================================================================
Received Prepare
Shader 'Oculus/OVRMRCameraFrameLit': fallback shader 'Alpha-Diffuse' not found
Shader 'AngryBots/PlanarRealtimeReflection': fallback shader 'AngryBots/Fallback' not found
Refreshing native plugins compatible for Editor in 6.50 ms, found 4 plugins.
Preloading 1 native plugins for Editor in 0.04 ms.
Unloading 28 Unused Serialized files (Serialized files now loaded: 0)
System memory in use before: 68.0 MB.
System memory in use after: 68.1 MB.

Unloading 28 unused Assets to reduce memory usage. Loaded Objects now: 2585.
Total: 2.620700 ms (FindLiveObjects: 0.250200 ms CreateObjectMapping: 0.061900 ms MarkObjects: 2.194500 ms  DeleteObjects: 0.113000 ms)

========================================================================
Received Prepare
Shader 'Oculus/OVRMRCameraFrameLit': fallback shader 'Alpha-Diffuse' not found
Shader 'AngryBots/PlanarRealtimeReflection': fallback shader 'AngryBots/Fallback' not found
Refreshing native plugins compatible for Editor in 8.98 ms, found 4 plugins.
Preloading 1 native plugins for Editor in 0.04 ms.
Unloading 28 Unused Serialized files (Serialized files now loaded: 0)
System memory in use before: 68.0 MB.
System memory in use after: 68.1 MB.

Unloading 28 unused Assets to reduce memory usage. Loaded Objects now: 2585.
Total: 2.657200 ms (FindLiveObjects: 0.238400 ms CreateObjectMapping: 0.061300 ms MarkObjects: 2.262200 ms  DeleteObjects: 0.094100 ms)

========================================================================
Received Prepare
Registering precompiled user dll's ...
Registered in 0.002409 seconds.
Begin MonoManager ReloadAssembly
Native extension for WindowsStandalone target not found
Native extension for WebGL target not found
Refreshing native plugins compatible for Editor in 0.68 ms, found 4 plugins.
Preloading 1 native plugins for Editor in 0.05 ms.
Invoked RoslynAnalysisRunner static constructor.
RoslynAnalysisRunner will not be running.
RoslynAnalysisRunner has terminated.
Mono: successfully reloaded assembly
- Completed reload, in  1.101 seconds
Platform modules already initialized, skipping
Switching build target platform(5) subTarget(0) extendedPlatform(0) -> platform(13) subTarget(524288) extendedPlatform(0)
Shader 'Oculus/OVRMRCameraFrameLit': fallback shader 'Alpha-Diffuse' not found
Shader 'AngryBots/PlanarRealtimeReflection': fallback shader 'AngryBots/Fallback' not found
Refreshing native plugins compatible for Editor in 0.88 ms, found 4 plugins.
Preloading 1 native plugins for Editor in 0.04 ms.
Unloading 1860 Unused Serialized files (Serialized files now loaded: 0)
System memory in use before: 102.8 MB.
System memory in use after: 102.9 MB.

Unloading 31 unused Assets to reduce memory usage. Loaded Objects now: 2589.
Total: 2.861700 ms (FindLiveObjects: 0.298600 ms CreateObjectMapping: 0.068800 ms MarkObjects: 2.400600 ms  DeleteObjects: 0.092000 ms)

AssetImportParameters requested are different than current active one (requested -> active):
  custom:graphics/normal-map-encoding: 01000000000000000000000000000000 -> 02000000000000000000000000000000
========================================================================
Received Prepare
Shader 'Oculus/OVRMRCameraFrameLit': fallback shader 'Alpha-Diffuse' not found
Shader 'AngryBots/PlanarRealtimeReflection': fallback shader 'AngryBots/Fallback' not found
Refreshing native plugins compatible for Editor in 9.52 ms, found 4 plugins.
Preloading 1 native plugins for Editor in 0.04 ms.
Unloading 28 Unused Serialized files (Serialized files now loaded: 0)
System memory in use before: 67.9 MB.
System memory in use after: 68.0 MB.

Unloading 28 unused Assets to reduce memory usage. Loaded Objects now: 2589.
Total: 3.294100 ms (FindLiveObjects: 0.351000 ms CreateObjectMapping: 0.078900 ms MarkObjects: 2.741500 ms  DeleteObjects: 0.121300 ms)

========================================================================
Received Prepare
Registering precompiled user dll's ...
Registered in 0.002504 seconds.
Begin MonoManager ReloadAssembly
Native extension for WindowsStandalone target not found
Native extension for WebGL target not found
Refreshing native plugins compatible for Editor in 0.68 ms, found 4 plugins.
Preloading 1 native plugins for Editor in 0.12 ms.
Invoked RoslynAnalysisRunner static constructor.
RoslynAnalysisRunner will not be running.
RoslynAnalysisRunner has terminated.
Mono: successfully reloaded assembly
- Completed reload, in  1.002 seconds
Platform modules already initialized, skipping
Switching build target platform(5) subTarget(0) extendedPlatform(0) -> platform(13) subTarget(524288) extendedPlatform(0)
Shader 'Oculus/OVRMRCameraFrameLit': fallback shader 'Alpha-Diffuse' not found
Shader 'AngryBots/PlanarRealtimeReflection': fallback shader 'AngryBots/Fallback' not found
Refreshing native plugins compatible for Editor in 0.74 ms, found 4 plugins.
Preloading 1 native plugins for Editor in 0.04 ms.
Unloading 1860 Unused Serialized files (Serialized files now loaded: 0)
System memory in use before: 102.8 MB.
System memory in use after: 102.9 MB.

Unloading 31 unused Assets to reduce memory usage. Loaded Objects now: 2593.
Total: 2.040500 ms (FindLiveObjects: 0.243500 ms CreateObjectMapping: 0.063200 ms MarkObjects: 1.640600 ms  DeleteObjects: 0.092400 ms)

AssetImportParameters requested are different than current active one (requested -> active):
  custom:graphics/normal-map-encoding: 01000000000000000000000000000000 -> 02000000000000000000000000000000
========================================================================
Received Prepare
Registering precompiled user dll's ...
Registered in 0.002428 seconds.
Begin MonoManager ReloadAssembly
Native extension for WindowsStandalone target not found
Native extension for WebGL target not found
Refreshing native plugins compatible for Editor in 0.73 ms, found 4 plugins.
Preloading 1 native plugins for Editor in 0.06 ms.
Invoked RoslynAnalysisRunner static constructor.
RoslynAnalysisRunner will not be running.
RoslynAnalysisRunner has terminated.
Mono: successfully reloaded assembly
- Completed reload, in  1.054 seconds
Platform modules already initialized, skipping
Switching build target platform(5) subTarget(0) extendedPlatform(0) -> platform(13) subTarget(524288) extendedPlatform(0)
Shader 'Oculus/OVRMRCameraFrameLit': fallback shader 'Alpha-Diffuse' not found
Shader 'AngryBots/PlanarRealtimeReflection': fallback shader 'AngryBots/Fallback' not found
Refreshing native plugins compatible for Editor in 0.83 ms, found 4 plugins.
Preloading 1 native plugins for Editor in 0.04 ms.
Unloading 1860 Unused Serialized files (Serialized files now loaded: 0)
System memory in use before: 102.8 MB.
System memory in use after: 102.9 MB.

Unloading 31 unused Assets to reduce memory usage. Loaded Objects now: 2597.
Total: 2.867400 ms (FindLiveObjects: 0.352000 ms CreateObjectMapping: 0.077200 ms MarkObjects: 2.341000 ms  DeleteObjects: 0.087200 ms)

AssetImportParameters requested are different than current active one (requested -> active):
  custom:graphics/normal-map-encoding: 01000000000000000000000000000000 -> 02000000000000000000000000000000
========================================================================
Received Prepare
Registering precompiled user dll's ...
Registered in 0.002728 seconds.
Begin MonoManager ReloadAssembly
Native extension for WindowsStandalone target not found
Native extension for WebGL target not found
Refreshing native plugins compatible for Editor in 0.68 ms, found 4 plugins.
Preloading 1 native plugins for Editor in 0.04 ms.
Invoked RoslynAnalysisRunner static constructor.
RoslynAnalysisRunner will not be running.
RoslynAnalysisRunner has terminated.
Mono: successfully reloaded assembly
- Completed reload, in  0.993 seconds
Platform modules already initialized, skipping
Switching build target platform(5) subTarget(0) extendedPlatform(0) -> platform(13) subTarget(524288) extendedPlatform(0)
Shader 'Oculus/OVRMRCameraFrameLit': fallback shader 'Alpha-Diffuse' not found
Shader 'AngryBots/PlanarRealtimeReflection': fallback shader 'AngryBots/Fallback' not found
Refreshing native plugins compatible for Editor in 0.65 ms, found 4 plugins.
Preloading 1 native plugins for Editor in 0.04 ms.
Unloading 1860 Unused Serialized files (Serialized files now loaded: 0)
System memory in use before: 102.8 MB.
System memory in use after: 102.9 MB.

Unloading 31 unused Assets to reduce memory usage. Loaded Objects now: 2601.
Total: 2.521200 ms (FindLiveObjects: 0.378600 ms CreateObjectMapping: 0.165800 ms MarkObjects: 1.888600 ms  DeleteObjects: 0.086900 ms)

AssetImportParameters requested are different than current active one (requested -> active):
  custom:graphics/normal-map-encoding: 01000000000000000000000000000000 -> 02000000000000000000000000000000
========================================================================
Received Prepare
Registering precompiled user dll's ...
Registered in 0.002366 seconds.
Begin MonoManager ReloadAssembly
Native extension for WindowsStandalone target not found
Native extension for WebGL target not found
Refreshing native plugins compatible for Editor in 0.76 ms, found 4 plugins.
Preloading 1 native plugins for Editor in 0.04 ms.
Invoked RoslynAnalysisRunner static constructor.
RoslynAnalysisRunner will not be running.
RoslynAnalysisRunner has terminated.
Mono: successfully reloaded assembly
- Completed reload, in  1.009 seconds
Platform modules already initialized, skipping
Switching build target platform(5) subTarget(0) extendedPlatform(0) -> platform(13) subTarget(524288) extendedPlatform(0)
Shader 'Oculus/OVRMRCameraFrameLit': fallback shader 'Alpha-Diffuse' not found
Shader 'AngryBots/PlanarRealtimeReflection': fallback shader 'AngryBots/Fallback' not found
Refreshing native plugins compatible for Editor in 0.71 ms, found 4 plugins.
Preloading 1 native plugins for Editor in 0.03 ms.
Unloading 1860 Unused Serialized files (Serialized files now loaded: 0)
System memory in use before: 102.8 MB.
System memory in use after: 102.9 MB.

Unloading 31 unused Assets to reduce memory usage. Loaded Objects now: 2605.
Total: 2.096500 ms (FindLiveObjects: 0.206100 ms CreateObjectMapping: 0.060900 ms MarkObjects: 1.739600 ms  DeleteObjects: 0.089000 ms)

AssetImportParameters requested are different than current active one (requested -> active):
  custom:graphics/normal-map-encoding: 01000000000000000000000000000000 -> 02000000000000000000000000000000
========================================================================
Received Prepare
Shader 'Oculus/OVRMRCameraFrameLit': fallback shader 'Alpha-Diffuse' not found
Shader 'AngryBots/PlanarRealtimeReflection': fallback shader 'AngryBots/Fallback' not found
Refreshing native plugins compatible for Editor in 6.56 ms, found 4 plugins.
Preloading 1 native plugins for Editor in 0.03 ms.
Unloading 28 Unused Serialized files (Serialized files now loaded: 0)
System memory in use before: 68.0 MB.
System memory in use after: 68.1 MB.

Unloading 28 unused Assets to reduce memory usage. Loaded Objects now: 2605.
Total: 2.356600 ms (FindLiveObjects: 0.362900 ms CreateObjectMapping: 0.102000 ms MarkObjects: 1.795300 ms  DeleteObjects: 0.094900 ms)

========================================================================
Received Prepare
Registering precompiled user dll's ...
Registered in 0.002283 seconds.
Begin MonoManager ReloadAssembly
Native extension for WindowsStandalone target not found
Native extension for WebGL target not found
Refreshing native plugins compatible for Editor in 0.67 ms, found 4 plugins.
Preloading 1 native plugins for Editor in 0.06 ms.
Invoked RoslynAnalysisRunner static constructor.
RoslynAnalysisRunner will not be running.
RoslynAnalysisRunner has terminated.
Mono: successfully reloaded assembly
- Completed reload, in  0.951 seconds
Platform modules already initialized, skipping
Switching build target platform(5) subTarget(0) extendedPlatform(0) -> platform(13) subTarget(524288) extendedPlatform(0)
Shader 'Oculus/OVRMRCameraFrameLit': fallback shader 'Alpha-Diffuse' not found
Shader 'AngryBots/PlanarRealtimeReflection': fallback shader 'AngryBots/Fallback' not found
Refreshing native plugins compatible for Editor in 0.74 ms, found 4 plugins.
Preloading 1 native plugins for Editor in 0.04 ms.
Unloading 1860 Unused Serialized files (Serialized files now loaded: 0)
System memory in use before: 102.8 MB.
System memory in use after: 102.9 MB.

Unloading 31 unused Assets to reduce memory usage. Loaded Objects now: 2609.
Total: 2.540300 ms (FindLiveObjects: 0.458300 ms CreateObjectMapping: 0.164900 ms MarkObjects: 1.814300 ms  DeleteObjects: 0.101600 ms)

AssetImportParameters requested are different than current active one (requested -> active):
  custom:graphics/normal-map-encoding: 01000000000000000000000000000000 -> 02000000000000000000000000000000
========================================================================
Received Prepare
Registering precompiled user dll's ...
Registered in 0.002592 seconds.
Begin MonoManager ReloadAssembly
Native extension for WindowsStandalone target not found
Native extension for WebGL target not found
Refreshing native plugins compatible for Editor in 0.77 ms, found 4 plugins.
Preloading 1 native plugins for Editor in 0.04 ms.
Invoked RoslynAnalysisRunner static constructor.
RoslynAnalysisRunner will not be running.
RoslynAnalysisRunner has terminated.
Mono: successfully reloaded assembly
- Completed reload, in  1.054 seconds
Platform modules already initialized, skipping
Switching build target platform(5) subTarget(0) extendedPlatform(0) -> platform(13) subTarget(524288) extendedPlatform(0)
Shader 'Oculus/OVRMRCameraFrameLit': fallback shader 'Alpha-Diffuse' not found
Shader 'AngryBots/PlanarRealtimeReflection': fallback shader 'AngryBots/Fallback' not found
Refreshing native plugins compatible for Editor in 0.67 ms, found 4 plugins.
Preloading 1 native plugins for Editor in 0.04 ms.
Unloading 1860 Unused Serialized files (Serialized files now loaded: 0)
System memory in use before: 102.8 MB.
System memory in use after: 102.9 MB.

Unloading 31 unused Assets to reduce memory usage. Loaded Objects now: 2613.
Total: 2.326400 ms (FindLiveObjects: 0.274600 ms CreateObjectMapping: 0.151200 ms MarkObjects: 1.815400 ms  DeleteObjects: 0.084200 ms)

AssetImportParameters requested are different than current active one (requested -> active):
  custom:graphics/normal-map-encoding: 01000000000000000000000000000000 -> 02000000000000000000000000000000
========================================================================
Received Prepare
Shader 'Oculus/OVRMRCameraFrameLit': fallback shader 'Alpha-Diffuse' not found
Shader 'AngryBots/PlanarRealtimeReflection': fallback shader 'AngryBots/Fallback' not found
Refreshing native plugins compatible for Editor in 6.94 ms, found 4 plugins.
Preloading 1 native plugins for Editor in 0.03 ms.
Unloading 28 Unused Serialized files (Serialized files now loaded: 0)
System memory in use before: 68.0 MB.
System memory in use after: 68.1 MB.

Unloading 28 unused Assets to reduce memory usage. Loaded Objects now: 2613.
Total: 4.276200 ms (FindLiveObjects: 0.696300 ms CreateObjectMapping: 0.283500 ms MarkObjects: 3.106200 ms  DeleteObjects: 0.188600 ms)

========================================================================
Received Prepare
Shader 'Oculus/OVRMRCameraFrameLit': fallback shader 'Alpha-Diffuse' not found
Shader 'AngryBots/PlanarRealtimeReflection': fallback shader 'AngryBots/Fallback' not found
Refreshing native plugins compatible for Editor in 6.43 ms, found 4 plugins.
Preloading 1 native plugins for Editor in 0.04 ms.
Unloading 28 Unused Serialized files (Serialized files now loaded: 0)
System memory in use before: 68.0 MB.
System memory in use after: 68.1 MB.

Unloading 28 unused Assets to reduce memory usage. Loaded Objects now: 2613.
Total: 3.011800 ms (FindLiveObjects: 0.325400 ms CreateObjectMapping: 0.157500 ms MarkObjects: 2.424900 ms  DeleteObjects: 0.103100 ms)

========================================================================
Received Prepare
Registering precompiled user dll's ...
Registered in 0.002240 seconds.
Begin MonoManager ReloadAssembly
Native extension for WindowsStandalone target not found
Native extension for WebGL target not found
Refreshing native plugins compatible for Editor in 0.67 ms, found 4 plugins.
Preloading 1 native plugins for Editor in 0.04 ms.
Invoked RoslynAnalysisRunner static constructor.
RoslynAnalysisRunner will not be running.
RoslynAnalysisRunner has terminated.
Mono: successfully reloaded assembly
- Completed reload, in  0.989 seconds
Platform modules already initialized, skipping
Switching build target platform(5) subTarget(0) extendedPlatform(0) -> platform(13) subTarget(524288) extendedPlatform(0)
Shader 'Oculus/OVRMRCameraFrameLit': fallback shader 'Alpha-Diffuse' not found
Shader 'AngryBots/PlanarRealtimeReflection': fallback shader 'AngryBots/Fallback' not found
Refreshing native plugins compatible for Editor in 0.82 ms, found 4 plugins.
Preloading 1 native plugins for Editor in 0.04 ms.
Unloading 1860 Unused Serialized files (Serialized files now loaded: 0)
System memory in use before: 102.9 MB.
System memory in use after: 103.0 MB.

Unloading 31 unused Assets to reduce memory usage. Loaded Objects now: 2617.
Total: 2.430000 ms (FindLiveObjects: 0.309900 ms CreateObjectMapping: 0.126400 ms MarkObjects: 1.918100 ms  DeleteObjects: 0.075000 ms)

AssetImportParameters requested are different than current active one (requested -> active):
  custom:graphics/normal-map-encoding: 01000000000000000000000000000000 -> 02000000000000000000000000000000
========================================================================
Received Prepare
Registering precompiled user dll's ...
Registered in 0.005015 seconds.
Begin MonoManager ReloadAssembly
Native extension for WindowsStandalone target not found
Native extension for WebGL target not found
Refreshing native plugins compatible for Editor in 1.14 ms, found 4 plugins.
Preloading 1 native plugins for Editor in 0.06 ms.
Invoked RoslynAnalysisRunner static constructor.
RoslynAnalysisRunner will not be running.
RoslynAnalysisRunner has terminated.
Mono: successfully reloaded assembly
- Completed reload, in  1.178 seconds
Platform modules already initialized, skipping
Switching build target platform(5) subTarget(0) extendedPlatform(0) -> platform(13) subTarget(524288) extendedPlatform(0)
Shader 'Oculus/OVRMRCameraFrameLit': fallback shader 'Alpha-Diffuse' not found
Shader 'AngryBots/PlanarRealtimeReflection': fallback shader 'AngryBots/Fallback' not found
Refreshing native plugins compatible for Editor in 0.82 ms, found 4 plugins.
Preloading 1 native plugins for Editor in 0.04 ms.
Unloading 1860 Unused Serialized files (Serialized files now loaded: 0)
System memory in use before: 102.9 MB.
System memory in use after: 103.0 MB.

Unloading 31 unused Assets to reduce memory usage. Loaded Objects now: 2621.
Total: 2.694800 ms (FindLiveObjects: 0.390300 ms CreateObjectMapping: 0.176900 ms MarkObjects: 2.023200 ms  DeleteObjects: 0.102300 ms)

AssetImportParameters requested are different than current active one (requested -> active):
  custom:graphics/normal-map-encoding: 01000000000000000000000000000000 -> 02000000000000000000000000000000
========================================================================
Received Prepare
Registering precompiled user dll's ...
Registered in 0.002568 seconds.
Begin MonoManager ReloadAssembly
Native extension for WindowsStandalone target not found
Native extension for WebGL target not found
Refreshing native plugins compatible for Editor in 0.73 ms, found 4 plugins.
Preloading 1 native plugins for Editor in 0.04 ms.
Invoked RoslynAnalysisRunner static constructor.
RoslynAnalysisRunner will not be running.
RoslynAnalysisRunner has terminated.
Mono: successfully reloaded assembly
- Completed reload, in  1.318 seconds
Platform modules already initialized, skipping
Switching build target platform(5) subTarget(0) extendedPlatform(0) -> platform(13) subTarget(524288) extendedPlatform(0)
Shader 'Oculus/OVRMRCameraFrameLit': fallback shader 'Alpha-Diffuse' not found
Shader 'AngryBots/PlanarRealtimeReflection': fallback shader 'AngryBots/Fallback' not found
Refreshing native plugins compatible for Editor in 0.79 ms, found 4 plugins.
Preloading 1 native plugins for Editor in 0.04 ms.
Unloading 1860 Unused Serialized files (Serialized files now loaded: 0)
System memory in use before: 102.9 MB.
System memory in use after: 103.0 MB.

Unloading 31 unused Assets to reduce memory usage. Loaded Objects now: 2625.
Total: 2.491400 ms (FindLiveObjects: 0.312800 ms CreateObjectMapping: 0.152500 ms MarkObjects: 1.947200 ms  DeleteObjects: 0.077400 ms)

AssetImportParameters requested are different than current active one (requested -> active):
  custom:graphics/normal-map-encoding: 01000000000000000000000000000000 -> 02000000000000000000000000000000
========================================================================
Received Prepare
Registering precompiled user dll's ...
Registered in 0.002608 seconds.
Begin MonoManager ReloadAssembly
Native extension for WindowsStandalone target not found
Native extension for WebGL target not found
Refreshing native plugins compatible for Editor in 0.85 ms, found 4 plugins.
Preloading 1 native plugins for Editor in 0.04 ms.
Invoked RoslynAnalysisRunner static constructor.
RoslynAnalysisRunner will not be running.
RoslynAnalysisRunner has terminated.
Mono: successfully reloaded assembly
- Completed reload, in  1.156 seconds
Platform modules already initialized, skipping
Switching build target platform(5) subTarget(0) extendedPlatform(0) -> platform(13) subTarget(524288) extendedPlatform(0)
Shader 'Oculus/OVRMRCameraFrameLit': fallback shader 'Alpha-Diffuse' not found
Shader 'AngryBots/PlanarRealtimeReflection': fallback shader 'AngryBots/Fallback' not found
Refreshing native plugins compatible for Editor in 0.76 ms, found 4 plugins.
Preloading 1 native plugins for Editor in 0.04 ms.
Unloading 1860 Unused Serialized files (Serialized files now loaded: 0)
System memory in use before: 102.9 MB.
System memory in use after: 103.0 MB.

Unloading 31 unused Assets to reduce memory usage. Loaded Objects now: 2629.
Total: 2.789300 ms (FindLiveObjects: 0.310500 ms CreateObjectMapping: 0.154800 ms MarkObjects: 2.236100 ms  DeleteObjects: 0.086800 ms)

AssetImportParameters requested are different than current active one (requested -> active):
  custom:graphics/normal-map-encoding: 01000000000000000000000000000000 -> 02000000000000000000000000000000
========================================================================
Received Prepare
Shader 'Oculus/OVRMRCameraFrameLit': fallback shader 'Alpha-Diffuse' not found
Shader 'AngryBots/PlanarRealtimeReflection': fallback shader 'AngryBots/Fallback' not found
Refreshing native plugins compatible for Editor in 12.31 ms, found 4 plugins.
Preloading 1 native plugins for Editor in 0.06 ms.
Unloading 28 Unused Serialized files (Serialized files now loaded: 0)
System memory in use before: 68.0 MB.
System memory in use after: 68.1 MB.

Unloading 28 unused Assets to reduce memory usage. Loaded Objects now: 2629.
Total: 5.683400 ms (FindLiveObjects: 0.585300 ms CreateObjectMapping: 0.267400 ms MarkObjects: 4.636500 ms  DeleteObjects: 0.191200 ms)

========================================================================
Received Prepare
Shader 'Oculus/OVRMRCameraFrameLit': fallback shader 'Alpha-Diffuse' not found
Shader 'AngryBots/PlanarRealtimeReflection': fallback shader 'AngryBots/Fallback' not found
Refreshing native plugins compatible for Editor in 6.51 ms, found 4 plugins.
Preloading 1 native plugins for Editor in 0.04 ms.
Unloading 28 Unused Serialized files (Serialized files now loaded: 0)
System memory in use before: 68.0 MB.
System memory in use after: 68.1 MB.

Unloading 28 unused Assets to reduce memory usage. Loaded Objects now: 2629.
Total: 3.106400 ms (FindLiveObjects: 0.342000 ms CreateObjectMapping: 0.074000 ms MarkObjects: 2.584900 ms  DeleteObjects: 0.104200 ms)

========================================================================
Received Prepare
Shader 'Oculus/OVRMRCameraFrameLit': fallback shader 'Alpha-Diffuse' not found
Shader 'AngryBots/PlanarRealtimeReflection': fallback shader 'AngryBots/Fallback' not found
Refreshing native plugins compatible for Editor in 9.22 ms, found 4 plugins.
Preloading 1 native plugins for Editor in 0.04 ms.
Unloading 28 Unused Serialized files (Serialized files now loaded: 0)
System memory in use before: 68.0 MB.
System memory in use after: 68.1 MB.

Unloading 28 unused Assets to reduce memory usage. Loaded Objects now: 2629.
Total: 2.853200 ms (FindLiveObjects: 0.247700 ms CreateObjectMapping: 0.090600 ms MarkObjects: 2.414200 ms  DeleteObjects: 0.099700 ms)

AssetImportWorkerClient::OnTransportError - code=2 error=End of file
