Using pre-set license
Built from '2020.3/staging' branch; Version is '2020.3.0f1 (c7b5465681fb) revision 13088070'; Using compiler version '192528614'; Build Type 'Release'
OS: 'Windows 10 Home; OS build 19043.1348; Version 2009; 64bit' Language: 'en' Physical Memory: 32639 MB
BatchMode: 1, IsHumanControllingUs: 0, StartBugReporterOnCrash: 0, Is64bit: 1, IsPro: 0

 COMMAND LINE ARGUMENTS:
C:\Program Files\Unity\Hub\Editor\2020.3.0f1\Editor\Unity.exe
-adb2
-batchMode
-noUpm
-name
AssetImportWorker0
-projectPath
D:/Users/WillToPower/Desktop/Stargazer-XRHackathon/Stargazer_UnityProject
-logFile
Logs/AssetImportWorker0.log
-srvPort
55188
Successfully changed project path to: D:/Users/WillToPower/Desktop/Stargazer-XRHackathon/Stargazer_UnityProject
D:/Users/WillToPower/Desktop/Stargazer-XRHackathon/Stargazer_UnityProject
Using Asset Import Pipeline V2.
Refreshing native plugins compatible for Editor in 65.35 ms, found 4 plugins.
Preloading 1 native plugins for Editor in 0.98 ms.
Initialize engine version: 2020.3.0f1 (c7b5465681fb)
[Subsystems] Discovering subsystems at path C:/Program Files/Unity/Hub/Editor/2020.3.0f1/Editor/Data/Resources/UnitySubsystems
[Subsystems] Discovering subsystems at path D:/Users/WillToPower/Desktop/Stargazer-XRHackathon/Stargazer_UnityProject/Assets
GfxDevice: creating device client; threaded=0
Direct3D:
    Version:  Direct3D 11.0 [level 11.1]
    Renderer: NVIDIA GeForce RTX 2060 (ID=0x1e89)
    Vendor:   
    VRAM:     5967 MB
    Driver:   27.21.14.5671
Shader 'Oculus/OVRMRCameraFrameLit': fallback shader 'Alpha-Diffuse' not found
Shader 'AngryBots/PlanarRealtimeReflection': fallback shader 'AngryBots/Fallback' not found
Initialize mono
Mono path[0] = 'C:/Program Files/Unity/Hub/Editor/2020.3.0f1/Editor/Data/Managed'
Mono path[1] = 'C:/Program Files/Unity/Hub/Editor/2020.3.0f1/Editor/Data/MonoBleedingEdge/lib/mono/unityjit'
Mono config path = 'C:/Program Files/Unity/Hub/Editor/2020.3.0f1/Editor/Data/MonoBleedingEdge/etc'
Using monoOptions --debugger-agent=transport=dt_socket,embedding=1,server=y,suspend=n,address=127.0.0.1:56524
Begin MonoManager ReloadAssembly
Registering precompiled unity dll's ...
Register platform support module: C:/Program Files/Unity/Hub/Editor/2020.3.0f1/Editor/Data/PlaybackEngines/WebGLSupport/UnityEditor.WebGL.Extensions.dll
Register platform support module: C:/Program Files/Unity/Hub/Editor/2020.3.0f1/Editor/Data/PlaybackEngines/WindowsStandaloneSupport/UnityEditor.WindowsStandalone.Extensions.dll
Registered in 0.002259 seconds.
Native extension for WindowsStandalone target not found
Native extension for WebGL target not found
Refreshing native plugins compatible for Editor in 54.80 ms, found 4 plugins.
Preloading 1 native plugins for Editor in 0.04 ms.
Invoked RoslynAnalysisRunner static constructor.
RoslynAnalysisRunner will not be running.
RoslynAnalysisRunner has terminated.
Mono: successfully reloaded assembly
- Completed reload, in  1.730 seconds
Platform modules already initialized, skipping
Registering precompiled user dll's ...
Registered in 0.003848 seconds.
Begin MonoManager ReloadAssembly
Native extension for WindowsStandalone target not found
Native extension for WebGL target not found
Refreshing native plugins compatible for Editor in 0.81 ms, found 4 plugins.
Preloading 1 native plugins for Editor in 0.04 ms.
Invoked RoslynAnalysisRunner static constructor.
RoslynAnalysisRunner will not be running.
RoslynAnalysisRunner has terminated.
[XR] OculusXRPlugin: registering subsystems
[XR] Unable to register display lifecyle provider: [1]
[XR] Oculus Input lifecycle provider registered.
[XR] Unable to register input lifecyle provider: [1]
[XR] OVRP version 1.66.0
Mono: successfully reloaded assembly
- Completed reload, in  0.825 seconds
Platform modules already initialized, skipping
========================================================================
Worker process is ready to serve import requests
Shader 'AngryBots/PlanarRealtimeReflection': fallback shader 'AngryBots/Fallback' not found
Shader 'Oculus/OVRMRCameraFrameLit': fallback shader 'Alpha-Diffuse' not found
Launched and connected shader compiler UnityShaderCompiler.exe after 0.03 seconds
Refreshing native plugins compatible for Editor in 0.84 ms, found 4 plugins.
Preloading 1 native plugins for Editor in 0.04 ms.
Unloading 2114 Unused Serialized files (Serialized files now loaded: 0)
System memory in use before: 111.8 MB.
System memory in use after: 110.9 MB.

Unloading 67 unused Assets to reduce memory usage. Loaded Objects now: 2526.
Total: 2.964300 ms (FindLiveObjects: 0.293800 ms CreateObjectMapping: 0.154600 ms MarkObjects: 1.755200 ms  DeleteObjects: 0.759800 ms)

========================================================================
Received Import Request.
  path: Assets/Scenes/MAIN.unity
  artifactKey: Guid(badd94b5f2a5d9a499817e6e9541c760) Importer(815301076,1909f56bfc062723c751e8b465ee728b)
Start importing Assets/Scenes/MAIN.unity using Guid(badd94b5f2a5d9a499817e6e9541c760) Importer(815301076,1909f56bfc062723c751e8b465ee728b)  -> (artifact id: 'ffc1ffb3eff06d1bec4d1547b9be793e') in 0.017220 seconds
  Import took 0.020923 seconds .

========================================================================
Received Import Request.
  Time since last request: 108.915451 seconds.
  path: Assets/Particles & Vfx/Mirza Beig/Particle Systems/Ultimate VFX/Expansions/XP - TITLES/Prefabs/Titles Mouse Follow.prefab
  artifactKey: Guid(90c1c6d928fc4c0429fd82a95f2c38b6) Importer(815301076,1909f56bfc062723c751e8b465ee728b)
Start importing Assets/Particles & Vfx/Mirza Beig/Particle Systems/Ultimate VFX/Expansions/XP - TITLES/Prefabs/Titles Mouse Follow.prefab using Guid(90c1c6d928fc4c0429fd82a95f2c38b6) Importer(815301076,1909f56bfc062723c751e8b465ee728b)  -> (artifact id: 'eff9bfcc1f0e86fd5fcc992b97de0d17') in 0.043617 seconds
  Import took 0.047949 seconds .

========================================================================
Received Import Request.
  Time since last request: 293.551808 seconds.
  path: Assets/Particles & Vfx/Mirza Beig/Particle Systems/Ultimate VFX/Materials/Particles/Sprites/mat_vfx-ult_particle_sprite_shard2-add-[1.0].mat
  artifactKey: Guid(3060b1d9a3f58614483137ea473a56e3) Importer(815301076,1909f56bfc062723c751e8b465ee728b)
Start importing Assets/Particles & Vfx/Mirza Beig/Particle Systems/Ultimate VFX/Materials/Particles/Sprites/mat_vfx-ult_particle_sprite_shard2-add-[1.0].mat using Guid(3060b1d9a3f58614483137ea473a56e3) Importer(815301076,1909f56bfc062723c751e8b465ee728b)  -> (artifact id: '4fcd1643b13eb7c7cd4881102fd141fd') in 0.120642 seconds
  Import took 0.125508 seconds .

========================================================================
Received Import Request.
  Time since last request: 3.534146 seconds.
  path: Assets/Particles & Vfx/Mirza Beig/Particle Systems/Ultimate VFX/Materials/Particles/Sprites/mat_vfx-ult_particle_sprite_shard-add-[1.0].mat
  artifactKey: Guid(e51f9144e55b74145a00c6efbea5130a) Importer(815301076,1909f56bfc062723c751e8b465ee728b)
Start importing Assets/Particles & Vfx/Mirza Beig/Particle Systems/Ultimate VFX/Materials/Particles/Sprites/mat_vfx-ult_particle_sprite_shard-add-[1.0].mat using Guid(e51f9144e55b74145a00c6efbea5130a) Importer(815301076,1909f56bfc062723c751e8b465ee728b)  -> (artifact id: 'e5b44e81decbb7c756674a050155b28d') in 0.033869 seconds
  Import took 0.037819 seconds .

========================================================================
Received Prepare
Registering precompiled user dll's ...
Registered in 0.236929 seconds.
Begin MonoManager ReloadAssembly
Native extension for WindowsStandalone target not found
Native extension for WebGL target not found
Refreshing native plugins compatible for Editor in 1.45 ms, found 4 plugins.
Preloading 1 native plugins for Editor in 0.07 ms.
Invoked RoslynAnalysisRunner static constructor.
RoslynAnalysisRunner will not be running.
RoslynAnalysisRunner has terminated.
Mono: successfully reloaded assembly
- Completed reload, in  0.858 seconds
Platform modules already initialized, skipping
Switching build target platform(5) subTarget(0) extendedPlatform(0) -> platform(13) subTarget(524288) extendedPlatform(0)
Shader 'Oculus/OVRMRCameraFrameLit': fallback shader 'Alpha-Diffuse' not found
Shader 'AngryBots/PlanarRealtimeReflection': fallback shader 'AngryBots/Fallback' not found
Refreshing native plugins compatible for Editor in 0.82 ms, found 4 plugins.
Preloading 1 native plugins for Editor in 0.04 ms.
Unloading 2008 Unused Serialized files (Serialized files now loaded: 0)
System memory in use before: 106.0 MB.
System memory in use after: 105.1 MB.

Unloading 62 unused Assets to reduce memory usage. Loaded Objects now: 2570.
Total: 2.682100 ms (FindLiveObjects: 0.213900 ms CreateObjectMapping: 0.066600 ms MarkObjects: 1.686300 ms  DeleteObjects: 0.714500 ms)

AssetImportParameters requested are different than current active one (requested -> active):
  custom:graphics/normal-map-encoding: 01000000000000000000000000000000 -> 02000000000000000000000000000000
========================================================================
Received Prepare
Registering precompiled user dll's ...
Registered in 0.004128 seconds.
Begin MonoManager ReloadAssembly
Native extension for WindowsStandalone target not found
Native extension for WebGL target not found
Refreshing native plugins compatible for Editor in 0.82 ms, found 4 plugins.
Preloading 1 native plugins for Editor in 0.04 ms.
Invoked RoslynAnalysisRunner static constructor.
RoslynAnalysisRunner will not be running.
RoslynAnalysisRunner has terminated.
Mono: successfully reloaded assembly
- Completed reload, in  0.766 seconds
Platform modules already initialized, skipping
Switching build target platform(5) subTarget(0) extendedPlatform(0) -> platform(13) subTarget(524288) extendedPlatform(0)
Shader 'Oculus/OVRMRCameraFrameLit': fallback shader 'Alpha-Diffuse' not found
Shader 'AngryBots/PlanarRealtimeReflection': fallback shader 'AngryBots/Fallback' not found
Refreshing native plugins compatible for Editor in 0.82 ms, found 4 plugins.
Preloading 1 native plugins for Editor in 0.04 ms.
Unloading 2008 Unused Serialized files (Serialized files now loaded: 0)
System memory in use before: 106.1 MB.
System memory in use after: 105.2 MB.

Unloading 62 unused Assets to reduce memory usage. Loaded Objects now: 2574.
Total: 3.451600 ms (FindLiveObjects: 0.419400 ms CreateObjectMapping: 0.194000 ms MarkObjects: 2.002300 ms  DeleteObjects: 0.834700 ms)

AssetImportParameters requested are different than current active one (requested -> active):
  custom:graphics/normal-map-encoding: 01000000000000000000000000000000 -> 02000000000000000000000000000000
========================================================================
Received Prepare
Registering precompiled user dll's ...
Registered in 0.004379 seconds.
Begin MonoManager ReloadAssembly
Native extension for WindowsStandalone target not found
Native extension for WebGL target not found
Refreshing native plugins compatible for Editor in 1.88 ms, found 4 plugins.
Preloading 1 native plugins for Editor in 0.08 ms.
Invoked RoslynAnalysisRunner static constructor.
RoslynAnalysisRunner will not be running.
RoslynAnalysisRunner has terminated.
Mono: successfully reloaded assembly
- Completed reload, in  1.085 seconds
Platform modules already initialized, skipping
Switching build target platform(5) subTarget(0) extendedPlatform(0) -> platform(13) subTarget(524288) extendedPlatform(0)
Shader 'Oculus/OVRMRCameraFrameLit': fallback shader 'Alpha-Diffuse' not found
Shader 'AngryBots/PlanarRealtimeReflection': fallback shader 'AngryBots/Fallback' not found
Refreshing native plugins compatible for Editor in 1.20 ms, found 4 plugins.
Preloading 1 native plugins for Editor in 0.06 ms.
Unloading 2008 Unused Serialized files (Serialized files now loaded: 0)
System memory in use before: 106.2 MB.
System memory in use after: 105.3 MB.

Unloading 62 unused Assets to reduce memory usage. Loaded Objects now: 2578.
Total: 4.894200 ms (FindLiveObjects: 0.655300 ms CreateObjectMapping: 0.278100 ms MarkObjects: 2.778300 ms  DeleteObjects: 1.181000 ms)

AssetImportParameters requested are different than current active one (requested -> active):
  custom:graphics/normal-map-encoding: 01000000000000000000000000000000 -> 02000000000000000000000000000000
========================================================================
Received Prepare
Registering precompiled user dll's ...
Registered in 0.004855 seconds.
Begin MonoManager ReloadAssembly
Native extension for WindowsStandalone target not found
Native extension for WebGL target not found
Refreshing native plugins compatible for Editor in 1.02 ms, found 4 plugins.
Preloading 1 native plugins for Editor in 0.05 ms.
Invoked RoslynAnalysisRunner static constructor.
RoslynAnalysisRunner will not be running.
RoslynAnalysisRunner has terminated.
Mono: successfully reloaded assembly
- Completed reload, in  1.001 seconds
Platform modules already initialized, skipping
Switching build target platform(5) subTarget(0) extendedPlatform(0) -> platform(13) subTarget(524288) extendedPlatform(0)
Shader 'Oculus/OVRMRCameraFrameLit': fallback shader 'Alpha-Diffuse' not found
Shader 'AngryBots/PlanarRealtimeReflection': fallback shader 'AngryBots/Fallback' not found
Refreshing native plugins compatible for Editor in 1.33 ms, found 4 plugins.
Preloading 1 native plugins for Editor in 0.09 ms.
Unloading 2008 Unused Serialized files (Serialized files now loaded: 0)
System memory in use before: 106.2 MB.
System memory in use after: 105.3 MB.

Unloading 62 unused Assets to reduce memory usage. Loaded Objects now: 2582.
Total: 5.042100 ms (FindLiveObjects: 0.437200 ms CreateObjectMapping: 0.142300 ms MarkObjects: 2.486400 ms  DeleteObjects: 1.974100 ms)

AssetImportParameters requested are different than current active one (requested -> active):
  custom:graphics/normal-map-encoding: 01000000000000000000000000000000 -> 02000000000000000000000000000000
========================================================================
Received Prepare
Shader 'Oculus/OVRMRCameraFrameLit': fallback shader 'Alpha-Diffuse' not found
Shader 'AngryBots/PlanarRealtimeReflection': fallback shader 'AngryBots/Fallback' not found
Refreshing native plugins compatible for Editor in 7.77 ms, found 4 plugins.
Preloading 1 native plugins for Editor in 0.03 ms.
Unloading 59 Unused Serialized files (Serialized files now loaded: 0)
System memory in use before: 69.0 MB.
System memory in use after: 68.1 MB.

Unloading 59 unused Assets to reduce memory usage. Loaded Objects now: 2582.
Total: 3.331700 ms (FindLiveObjects: 0.294900 ms CreateObjectMapping: 0.142000 ms MarkObjects: 1.987700 ms  DeleteObjects: 0.905900 ms)

========================================================================
Received Prepare
Shader 'Oculus/OVRMRCameraFrameLit': fallback shader 'Alpha-Diffuse' not found
Shader 'AngryBots/PlanarRealtimeReflection': fallback shader 'AngryBots/Fallback' not found
Refreshing native plugins compatible for Editor in 7.68 ms, found 4 plugins.
Preloading 1 native plugins for Editor in 0.04 ms.
Unloading 59 Unused Serialized files (Serialized files now loaded: 0)
System memory in use before: 69.0 MB.
System memory in use after: 68.1 MB.

Unloading 59 unused Assets to reduce memory usage. Loaded Objects now: 2582.
Total: 3.649800 ms (FindLiveObjects: 0.250300 ms CreateObjectMapping: 0.079200 ms MarkObjects: 2.371700 ms  DeleteObjects: 0.947200 ms)

========================================================================
Received Prepare
Registering precompiled user dll's ...
Registered in 0.003991 seconds.
Begin MonoManager ReloadAssembly
Native extension for WindowsStandalone target not found
Native extension for WebGL target not found
Refreshing native plugins compatible for Editor in 0.88 ms, found 4 plugins.
Preloading 1 native plugins for Editor in 0.05 ms.
Invoked RoslynAnalysisRunner static constructor.
RoslynAnalysisRunner will not be running.
RoslynAnalysisRunner has terminated.
Mono: successfully reloaded assembly
- Completed reload, in  0.831 seconds
Platform modules already initialized, skipping
Switching build target platform(5) subTarget(0) extendedPlatform(0) -> platform(13) subTarget(524288) extendedPlatform(0)
Shader 'Oculus/OVRMRCameraFrameLit': fallback shader 'Alpha-Diffuse' not found
Shader 'AngryBots/PlanarRealtimeReflection': fallback shader 'AngryBots/Fallback' not found
Refreshing native plugins compatible for Editor in 0.87 ms, found 4 plugins.
Preloading 1 native plugins for Editor in 0.03 ms.
Unloading 2008 Unused Serialized files (Serialized files now loaded: 0)
System memory in use before: 106.2 MB.
System memory in use after: 105.3 MB.

Unloading 62 unused Assets to reduce memory usage. Loaded Objects now: 2586.
Total: 3.131000 ms (FindLiveObjects: 0.228800 ms CreateObjectMapping: 0.066400 ms MarkObjects: 1.933000 ms  DeleteObjects: 0.901700 ms)

AssetImportParameters requested are different than current active one (requested -> active):
  custom:graphics/normal-map-encoding: 01000000000000000000000000000000 -> 02000000000000000000000000000000
========================================================================
Received Import Request.
  Time since last request: 1682.702506 seconds.
  path: Assets/UI/mic.png
  artifactKey: Guid(eab27571ed2efeb449f55c5ff52ebc31) Importer(815301076,1909f56bfc062723c751e8b465ee728b)
Start importing Assets/UI/mic.png using Guid(eab27571ed2efeb449f55c5ff52ebc31) Importer(815301076,1909f56bfc062723c751e8b465ee728b)  -> (artifact id: '2561da4416e2010cc4f15bfad09fe607') in 0.062122 seconds
  Import took 0.065971 seconds .

========================================================================
Received Import Request.
  Time since last request: 5.696392 seconds.
  path: Assets/UI/mic.png
  artifactKey: Guid(eab27571ed2efeb449f55c5ff52ebc31) Importer(815301076,1909f56bfc062723c751e8b465ee728b)
Start importing Assets/UI/mic.png using Guid(eab27571ed2efeb449f55c5ff52ebc31) Importer(815301076,1909f56bfc062723c751e8b465ee728b)  -> (artifact id: '3d1b12e9a39db18df014a4c031888dca') in 0.027794 seconds
  Import took 0.032082 seconds .

========================================================================
Received Import Request.
  Time since last request: 26.164753 seconds.
  path: Assets/UI/E9EW3LwXoAcVP3y.png
  artifactKey: Guid(aa53f1df142f96240aea7d03a488d686) Importer(815301076,1909f56bfc062723c751e8b465ee728b)
Start importing Assets/UI/E9EW3LwXoAcVP3y.png using Guid(aa53f1df142f96240aea7d03a488d686) Importer(815301076,1909f56bfc062723c751e8b465ee728b)  -> (artifact id: '72809dea3ea81881cd2f486052e110f3') in 0.014525 seconds
  Import took 0.019028 seconds .

========================================================================
Received Import Request.
  Time since last request: 6.735443 seconds.
  path: Assets/UI/E9EW3LwXoAcVP3y.png
  artifactKey: Guid(aa53f1df142f96240aea7d03a488d686) Importer(815301076,1909f56bfc062723c751e8b465ee728b)
Start importing Assets/UI/E9EW3LwXoAcVP3y.png using Guid(aa53f1df142f96240aea7d03a488d686) Importer(815301076,1909f56bfc062723c751e8b465ee728b)  -> (artifact id: '0dbeaf0aaa42f3dc259e1863b36caa58') in 0.021436 seconds
  Import took 0.025576 seconds .

========================================================================
Received Prepare
Registering precompiled user dll's ...
Registered in 0.004294 seconds.
Begin MonoManager ReloadAssembly
Native extension for WindowsStandalone target not found
Native extension for WebGL target not found
Refreshing native plugins compatible for Editor in 0.94 ms, found 4 plugins.
Preloading 1 native plugins for Editor in 0.06 ms.
Invoked RoslynAnalysisRunner static constructor.
RoslynAnalysisRunner will not be running.
RoslynAnalysisRunner has terminated.
Mono: successfully reloaded assembly
- Completed reload, in  0.923 seconds
Platform modules already initialized, skipping
Switching build target platform(5) subTarget(0) extendedPlatform(0) -> platform(13) subTarget(524288) extendedPlatform(0)
Shader 'Oculus/OVRMRCameraFrameLit': fallback shader 'Alpha-Diffuse' not found
Shader 'AngryBots/PlanarRealtimeReflection': fallback shader 'AngryBots/Fallback' not found
Refreshing native plugins compatible for Editor in 1.12 ms, found 4 plugins.
Preloading 1 native plugins for Editor in 0.04 ms.
Unloading 2008 Unused Serialized files (Serialized files now loaded: 0)
System memory in use before: 106.2 MB.
System memory in use after: 105.4 MB.

Unloading 62 unused Assets to reduce memory usage. Loaded Objects now: 2596.
Total: 3.644900 ms (FindLiveObjects: 0.320100 ms CreateObjectMapping: 0.189400 ms MarkObjects: 2.104400 ms  DeleteObjects: 1.029500 ms)

AssetImportParameters requested are different than current active one (requested -> active):
  custom:graphics/normal-map-encoding: 01000000000000000000000000000000 -> 02000000000000000000000000000000
AssetImportWorkerClient::OnTransportError - code=2 error=End of file
